<?xml version="1.0" encoding="UTF-8" standalone="yes"?><!DOCTYPE report PUBLIC "-//JACOCO//DTD Report 1.1//EN" "report.dtd"><report name="org.ow2.authzforce:authzforce-ce-core-pdp-engine"><sessioninfo id="LarsThomasBoye-76754505" start="1569241032764" dump="1569241036867"/><package name="org/ow2/authzforce/core/pdp/impl/func"><class name="org/ow2/authzforce/core/pdp/impl/func/StandardEqualTypeMatchers$StringRegexpMatchCallFactory" sourcefilename="StandardEqualTypeMatchers.java"><method name="&lt;init&gt;" desc="(Lorg/ow2/authzforce/core/pdp/api/func/SingleParameterTypedFirstOrderFunctionSignature;)V" line="122"><counter type="INSTRUCTION" missed="0" covered="12"/><counter type="LINE" missed="0" covered="3"/><counter type="COMPLEXITY" missed="0" covered="1"/><counter type="METHOD" missed="0" covered="1"/></method><method name="getInstance" desc="(Ljava/util/List;[Lorg/ow2/authzforce/core/pdp/api/value/Datatype;)Lorg/ow2/authzforce/core/pdp/api/func/FirstOrderFunctionCall;" line="129"><counter type="INSTRUCTION" missed="5" covered="10"/><counter type="BRANCH" missed="1" covered="1"/><counter type="LINE" missed="0" covered="2"/><counter type="COMPLEXITY" missed="1" covered="1"/><counter type="METHOD" missed="0" covered="1"/></method><method name="&lt;clinit&gt;" desc="()V" line="109"><counter type="INSTRUCTION" missed="0" covered="5"/><counter type="LINE" missed="0" covered="1"/><counter type="COMPLEXITY" missed="0" covered="1"/><counter type="METHOD" missed="0" covered="1"/></method><counter type="INSTRUCTION" missed="5" covered="27"/><counter type="BRANCH" missed="1" covered="1"/><counter type="LINE" missed="0" covered="6"/><counter type="COMPLEXITY" missed="1" covered="3"/><counter type="METHOD" missed="0" covered="3"/><counter type="CLASS" missed="0" covered="1"/></class><class name="org/ow2/authzforce/core/pdp/impl/func/SubstringFunction$Call" sourcefilename="SubstringFunction.java"><method name="&lt;init&gt;" desc="(Lorg/ow2/authzforce/core/pdp/api/func/FirstOrderFunctionSignature;Lorg/ow2/authzforce/core/pdp/api/value/Datatype;Ljava/util/List;[Lorg/ow2/authzforce/core/pdp/api/value/Datatype;)V" line="66"><counter type="INSTRUCTION" missed="0" covered="45"/><counter type="LINE" missed="0" covered="5"/><counter type="COMPLEXITY" missed="0" covered="1"/><counter type="METHOD" missed="0" covered="1"/></method><method name="evaluate" desc="(Ljava/util/Deque;)Lorg/ow2/authzforce/core/pdp/api/value/StringValue;" line="75"><counter type="INSTRUCTION" missed="10" covered="63"/><counter type="BRANCH" missed="0" covered="2"/><counter type="LINE" missed="2" covered="14"/><counter type="COMPLEXITY" missed="0" covered="2"/><counter type="METHOD" missed="0" covered="1"/></method><counter type="INSTRUCTION" missed="10" covered="108"/><counter type="BRANCH" missed="0" covered="2"/><counter type="LINE" missed="2" covered="19"/><counter type="COMPLEXITY" missed="0" covered="3"/><counter type="METHOD" missed="0" covered="2"/><counter type="CLASS" missed="0" covered="1"/></class><class name="org/ow2/authzforce/core/pdp/impl/func/StandardHigherOrderBagFunctions" sourcefilename="StandardHigherOrderBagFunctions.java"/><class name="org/ow2/authzforce/core/pdp/impl/func/NumericArithmeticOperators$SubtractOperator" sourcefilename="NumericArithmeticOperators.java"><method name="&lt;init&gt;" desc="()V" line="81"><counter type="INSTRUCTION" missed="0" covered="3"/><counter type="LINE" missed="0" covered="1"/><counter type="COMPLEXITY" missed="0" covered="1"/><counter type="METHOD" missed="0" covered="1"/></method><method name="eval" desc="(Ljava/util/Deque;)Lorg/ow2/authzforce/core/pdp/api/value/NumericValue;" line="86"><counter type="INSTRUCTION" missed="0" covered="12"/><counter type="LINE" missed="0" covered="3"/><counter type="COMPLEXITY" missed="0" covered="1"/><counter type="METHOD" missed="0" covered="1"/></method><counter type="INSTRUCTION" missed="0" covered="15"/><counter type="LINE" missed="0" covered="4"/><counter type="COMPLEXITY" missed="0" covered="2"/><counter type="METHOD" missed="0" covered="2"/><counter type="CLASS" missed="0" covered="1"/></class><class name="org/ow2/authzforce/core/pdp/impl/func/StandardEqualTypeMatchers$1" sourcefilename="StandardEqualTypeMatchers.java"><method name="&lt;init&gt;" desc="()V" line="51"><counter type="INSTRUCTION" missed="0" covered="3"/><counter type="LINE" missed="0" covered="1"/><counter type="COMPLEXITY" missed="0" covered="1"/><counter type="METHOD" missed="0" covered="1"/></method><method name="match" desc="(Lorg/ow2/authzforce/core/pdp/api/value/X500NameValue;Lorg/ow2/authzforce/core/pdp/api/value/X500NameValue;)Z" line="55"><counter type="INSTRUCTION" missed="0" covered="4"/><counter type="LINE" missed="0" covered="1"/><counter type="COMPLEXITY" missed="0" covered="1"/><counter type="METHOD" missed="0" covered="1"/></method><counter type="INSTRUCTION" missed="0" covered="7"/><counter type="LINE" missed="0" covered="2"/><counter type="COMPLEXITY" missed="0" covered="2"/><counter type="METHOD" missed="0" covered="2"/><counter type="CLASS" missed="0" covered="1"/></class><class name="org/ow2/authzforce/core/pdp/impl/func/StandardEqualTypeMatchers$2" sourcefilename="StandardEqualTypeMatchers.java"><method name="&lt;init&gt;" desc="()V" line="63"><counter type="INSTRUCTION" missed="0" covered="3"/><counter type="LINE" missed="0" covered="1"/><counter type="COMPLEXITY" missed="0" covered="1"/><counter type="METHOD" missed="0" covered="1"/></method><method name="match" desc="(Lorg/ow2/authzforce/core/pdp/api/value/StringValue;Lorg/ow2/authzforce/core/pdp/api/value/StringValue;)Z" line="70"><counter type="INSTRUCTION" missed="0" covered="8"/><counter type="LINE" missed="0" covered="1"/><counter type="COMPLEXITY" missed="0" covered="1"/><counter type="METHOD" missed="0" covered="1"/></method><counter type="INSTRUCTION" missed="0" covered="11"/><counter type="LINE" missed="0" covered="2"/><counter type="COMPLEXITY" missed="0" covered="2"/><counter type="METHOD" missed="0" covered="2"/><counter type="CLASS" missed="0" covered="1"/></class><class name="org/ow2/authzforce/core/pdp/impl/func/LogicalOrFunction" sourcefilename="LogicalOrFunction.java"><method name="&lt;init&gt;" desc="(Ljava/lang/String;)V" line="131"><counter type="INSTRUCTION" missed="0" covered="13"/><counter type="LINE" missed="0" covered="2"/><counter type="COMPLEXITY" missed="0" covered="1"/><counter type="METHOD" missed="0" covered="1"/></method><method name="newCall" desc="(Ljava/util/List;[Lorg/ow2/authzforce/core/pdp/api/value/Datatype;)Lorg/ow2/authzforce/core/pdp/api/func/FirstOrderFunctionCall;" line="146"><counter type="INSTRUCTION" missed="0" covered="9"/><counter type="LINE" missed="0" covered="1"/><counter type="COMPLEXITY" missed="0" covered="1"/><counter type="METHOD" missed="0" covered="1"/></method><counter type="INSTRUCTION" missed="0" covered="22"/><counter type="LINE" missed="0" covered="3"/><counter type="COMPLEXITY" missed="0" covered="2"/><counter type="METHOD" missed="0" covered="2"/><counter type="CLASS" missed="0" covered="1"/></class><class name="org/ow2/authzforce/core/pdp/impl/func/StandardEqualTypeMatchers$3" sourcefilename="StandardEqualTypeMatchers.java"><method name="&lt;init&gt;" desc="()V" line="78"><counter type="INSTRUCTION" missed="0" covered="3"/><counter type="LINE" missed="0" covered="1"/><counter type="COMPLEXITY" missed="0" covered="1"/><counter type="METHOD" missed="0" covered="1"/></method><method name="match" desc="(Lorg/ow2/authzforce/core/pdp/api/value/StringValue;Lorg/ow2/authzforce/core/pdp/api/value/StringValue;)Z" line="86"><counter type="INSTRUCTION" missed="0" covered="8"/><counter type="LINE" missed="0" covered="1"/><counter type="COMPLEXITY" missed="0" covered="1"/><counter type="METHOD" missed="0" covered="1"/></method><counter type="INSTRUCTION" missed="0" covered="11"/><counter type="LINE" missed="0" covered="2"/><counter type="COMPLEXITY" missed="0" covered="2"/><counter type="METHOD" missed="0" covered="2"/><counter type="CLASS" missed="0" covered="1"/></class><class name="org/ow2/authzforce/core/pdp/impl/func/StandardEqualTypeMatchers$4" sourcefilename="StandardEqualTypeMatchers.java"><method name="&lt;init&gt;" desc="()V" line="95"><counter type="INSTRUCTION" missed="0" covered="3"/><counter type="LINE" missed="0" covered="1"/><counter type="COMPLEXITY" missed="0" covered="1"/><counter type="METHOD" missed="0" covered="1"/></method><method name="match" desc="(Lorg/ow2/authzforce/core/pdp/api/value/StringValue;Lorg/ow2/authzforce/core/pdp/api/value/StringValue;)Z" line="103"><counter type="INSTRUCTION" missed="0" covered="8"/><counter type="LINE" missed="0" covered="1"/><counter type="COMPLEXITY" missed="0" covered="1"/><counter type="METHOD" missed="0" covered="1"/></method><counter type="INSTRUCTION" missed="0" covered="11"/><counter type="LINE" missed="0" covered="2"/><counter type="COMPLEXITY" missed="0" covered="2"/><counter type="METHOD" missed="0" covered="2"/><counter type="CLASS" missed="0" covered="1"/></class><class name="org/ow2/authzforce/core/pdp/impl/func/StandardEqualTypeMatchers$5" sourcefilename="StandardEqualTypeMatchers.java"><method name="&lt;init&gt;" desc="()V" line="140"><counter type="INSTRUCTION" missed="0" covered="3"/><counter type="LINE" missed="0" covered="1"/><counter type="COMPLEXITY" missed="0" covered="1"/><counter type="METHOD" missed="0" covered="1"/></method><method name="build" desc="(Lorg/ow2/authzforce/core/pdp/api/func/SingleParameterTypedFirstOrderFunctionSignature;)Lorg/ow2/authzforce/core/pdp/api/func/EqualTypeMatchFunction$CallFactory;" line="145"><counter type="INSTRUCTION" missed="0" covered="6"/><counter type="LINE" missed="0" covered="1"/><counter type="COMPLEXITY" missed="0" covered="1"/><counter type="METHOD" missed="0" covered="1"/></method><counter type="INSTRUCTION" missed="0" covered="9"/><counter type="LINE" missed="0" covered="2"/><counter type="COMPLEXITY" missed="0" covered="2"/><counter type="METHOD" missed="0" covered="2"/><counter type="CLASS" missed="0" covered="1"/></class><class name="org/ow2/authzforce/core/pdp/impl/func/NumericArithmeticOperators$AbsOperator" sourcefilename="NumericArithmeticOperators.java"><method name="&lt;init&gt;" desc="()V" line="35"><counter type="INSTRUCTION" missed="0" covered="3"/><counter type="LINE" missed="0" covered="1"/><counter type="COMPLEXITY" missed="0" covered="1"/><counter type="METHOD" missed="0" covered="1"/></method><method name="eval" desc="(Ljava/util/Deque;)Lorg/ow2/authzforce/core/pdp/api/value/NumericValue;" line="41"><counter type="INSTRUCTION" missed="0" covered="5"/><counter type="LINE" missed="0" covered="1"/><counter type="COMPLEXITY" missed="0" covered="1"/><counter type="METHOD" missed="0" covered="1"/></method><counter type="INSTRUCTION" missed="0" covered="8"/><counter type="LINE" missed="0" covered="2"/><counter type="COMPLEXITY" missed="0" covered="2"/><counter type="METHOD" missed="0" covered="2"/><counter type="CLASS" missed="0" covered="1"/></class><class name="org/ow2/authzforce/core/pdp/impl/func/StandardHigherOrderBagFunctions$AllOfCallFactory" sourcefilename="StandardHigherOrderBagFunctions.java"><method name="&lt;init&gt;" desc="(Ljava/lang/String;)V" line="491"><counter type="INSTRUCTION" missed="0" covered="5"/><counter type="LINE" missed="0" covered="2"/><counter type="COMPLEXITY" missed="0" covered="1"/><counter type="METHOD" missed="0" covered="1"/></method><method name="getFinalResult" desc="(Lorg/ow2/authzforce/core/pdp/api/value/BooleanValue;)Lorg/ow2/authzforce/core/pdp/api/value/BooleanValue;" line="496"><counter type="INSTRUCTION" missed="0" covered="9"/><counter type="BRANCH" missed="0" covered="2"/><counter type="LINE" missed="0" covered="3"/><counter type="COMPLEXITY" missed="0" covered="2"/><counter type="METHOD" missed="0" covered="1"/></method><method name="defaultFinalResult" desc="()Lorg/ow2/authzforce/core/pdp/api/value/BooleanValue;" line="506"><counter type="INSTRUCTION" missed="0" covered="2"/><counter type="LINE" missed="0" covered="1"/><counter type="COMPLEXITY" missed="0" covered="1"/><counter type="METHOD" missed="0" covered="1"/></method><counter type="INSTRUCTION" missed="0" covered="16"/><counter type="BRANCH" missed="0" covered="2"/><counter type="LINE" missed="0" covered="6"/><counter type="COMPLEXITY" missed="0" covered="4"/><counter type="METHOD" missed="0" covered="3"/><counter type="CLASS" missed="0" covered="1"/></class><class name="org/ow2/authzforce/core/pdp/impl/func/LogicalNotFunction" sourcefilename="LogicalNotFunction.java"><method name="&lt;init&gt;" desc="(Ljava/lang/String;)V" line="43"><counter type="INSTRUCTION" missed="0" covered="8"/><counter type="LINE" missed="0" covered="2"/><counter type="COMPLEXITY" missed="0" covered="1"/><counter type="METHOD" missed="0" covered="1"/></method><method name="newCall" desc="(Ljava/util/List;[Lorg/ow2/authzforce/core/pdp/api/value/Datatype;)Lorg/ow2/authzforce/core/pdp/api/func/FirstOrderFunctionCall;" line="50"><counter type="INSTRUCTION" missed="0" covered="9"/><counter type="LINE" missed="0" covered="1"/><counter type="COMPLEXITY" missed="0" covered="1"/><counter type="METHOD" missed="0" covered="1"/></method><counter type="INSTRUCTION" missed="0" covered="17"/><counter type="LINE" missed="0" covered="3"/><counter type="COMPLEXITY" missed="0" covered="2"/><counter type="METHOD" missed="0" covered="2"/><counter type="CLASS" missed="0" covered="1"/></class><class name="org/ow2/authzforce/core/pdp/impl/func/StandardHigherOrderBagFunctions$OneBagOnlyHigherOrderFunction$Call" sourcefilename="StandardHigherOrderBagFunctions.java"><method name="&lt;init&gt;" desc="(Ljava/lang/String;Lorg/ow2/authzforce/core/pdp/api/value/Datatype;Lorg/ow2/authzforce/core/pdp/api/func/FirstOrderFunction;Ljava/util/List;Lorg/ow2/authzforce/core/pdp/api/expression/Expression;Ljava/util/List;)V" line="207"><counter type="INSTRUCTION" missed="4" covered="88"/><counter type="BRANCH" missed="2" covered="4"/><counter type="LINE" missed="0" covered="19"/><counter type="COMPLEXITY" missed="2" covered="2"/><counter type="METHOD" missed="0" covered="1"/></method><method name="evaluate" desc="(Lorg/ow2/authzforce/core/pdp/api/EvaluationContext;)Lorg/ow2/authzforce/core/pdp/api/value/Value;" line="261"><counter type="INSTRUCTION" missed="10" covered="14"/><counter type="LINE" missed="2" covered="3"/><counter type="COMPLEXITY" missed="0" covered="1"/><counter type="METHOD" missed="0" covered="1"/></method><method name="getReturnType" desc="()Lorg/ow2/authzforce/core/pdp/api/value/Datatype;" line="272"><counter type="INSTRUCTION" missed="3" covered="0"/><counter type="LINE" missed="1" covered="0"/><counter type="COMPLEXITY" missed="1" covered="0"/><counter type="METHOD" missed="1" covered="0"/></method><method name="&lt;clinit&gt;" desc="()V" line="194"><counter type="INSTRUCTION" missed="2" covered="6"/><counter type="BRANCH" missed="1" covered="1"/><counter type="LINE" missed="0" covered="1"/><counter type="COMPLEXITY" missed="1" covered="1"/><counter type="METHOD" missed="0" covered="1"/></method><counter type="INSTRUCTION" missed="19" covered="108"/><counter type="BRANCH" missed="3" covered="5"/><counter type="LINE" missed="3" covered="23"/><counter type="COMPLEXITY" missed="4" covered="4"/><counter type="METHOD" missed="1" covered="3"/><counter type="CLASS" missed="0" covered="1"/></class><class name="org/ow2/authzforce/core/pdp/impl/func/StandardHigherOrderBagFunctions$BooleanHigherOrderTwoBagFunction$Call" sourcefilename="StandardHigherOrderBagFunctions.java"><method name="&lt;init&gt;" desc="(Ljava/lang/String;Lorg/ow2/authzforce/core/pdp/api/func/FirstOrderFunction;Lorg/ow2/authzforce/core/pdp/api/expression/Expression;Lorg/ow2/authzforce/core/pdp/api/expression/Expression;)V" line="97"><counter type="INSTRUCTION" missed="4" covered="70"/><counter type="BRANCH" missed="3" covered="3"/><counter type="LINE" missed="0" covered="11"/><counter type="COMPLEXITY" missed="3" covered="1"/><counter type="METHOD" missed="0" covered="1"/></method><method name="evaluate" desc="(Lorg/ow2/authzforce/core/pdp/api/EvaluationContext;)Lorg/ow2/authzforce/core/pdp/api/value/BooleanValue;" line="117"><counter type="INSTRUCTION" missed="22" covered="26"/><counter type="BRANCH" missed="2" covered="2"/><counter type="LINE" missed="6" covered="7"/><counter type="COMPLEXITY" missed="2" covered="1"/><counter type="METHOD" missed="0" covered="1"/></method><method name="getReturnType" desc="()Lorg/ow2/authzforce/core/pdp/api/value/Datatype;" line="151"><counter type="INSTRUCTION" missed="2" covered="0"/><counter type="LINE" missed="1" covered="0"/><counter type="COMPLEXITY" missed="1" covered="0"/><counter type="METHOD" missed="1" covered="0"/></method><method name="&lt;clinit&gt;" desc="()V" line="88"><counter type="INSTRUCTION" missed="2" covered="6"/><counter type="BRANCH" missed="1" covered="1"/><counter type="LINE" missed="0" covered="1"/><counter type="COMPLEXITY" missed="1" covered="1"/><counter type="METHOD" missed="0" covered="1"/></method><counter type="INSTRUCTION" missed="30" covered="102"/><counter type="BRANCH" missed="6" covered="6"/><counter type="LINE" missed="7" covered="19"/><counter type="COMPLEXITY" missed="7" covered="3"/><counter type="METHOD" missed="1" covered="3"/><counter type="CLASS" missed="0" covered="1"/></class><class name="org/ow2/authzforce/core/pdp/impl/func/StandardEqualTypeMatchers$StringRegexpMatchCallFactory$1" sourcefilename="StandardEqualTypeMatchers.java"><method name="&lt;init&gt;" desc="()V" line="110"><counter type="INSTRUCTION" missed="0" covered="3"/><counter type="LINE" missed="0" covered="1"/><counter type="COMPLEXITY" missed="0" covered="1"/><counter type="METHOD" missed="0" covered="1"/></method><method name="match" desc="(Lorg/ow2/authzforce/core/pdp/api/value/StringValue;Lorg/ow2/authzforce/core/pdp/api/value/StringValue;)Z" line="114"><counter type="INSTRUCTION" missed="4" covered="0"/><counter type="LINE" missed="1" covered="0"/><counter type="COMPLEXITY" missed="1" covered="0"/><counter type="METHOD" missed="1" covered="0"/></method><counter type="INSTRUCTION" missed="4" covered="3"/><counter type="LINE" missed="1" covered="1"/><counter type="COMPLEXITY" missed="1" covered="1"/><counter type="METHOD" missed="1" covered="1"/><counter type="CLASS" missed="0" covered="1"/></class><class name="org/ow2/authzforce/core/pdp/impl/func/StandardHigherOrderBagFunctions$BooleanHigherOrderTwoBagAnyFunction" sourcefilename="StandardHigherOrderBagFunctions.java"><method name="&lt;init&gt;" desc="(Ljava/lang/String;Z)V" line="769"><counter type="INSTRUCTION" missed="0" covered="26"/><counter type="BRANCH" missed="0" covered="2"/><counter type="LINE" missed="0" covered="9"/><counter type="COMPLEXITY" missed="0" covered="2"/><counter type="METHOD" missed="0" covered="1"/></method><method name="evaluate" desc="(Lorg/ow2/authzforce/core/pdp/api/func/FirstOrderFunctionCall;Lorg/ow2/authzforce/core/pdp/api/value/Bag;Lorg/ow2/authzforce/core/pdp/api/value/Bag;Lorg/ow2/authzforce/core/pdp/api/EvaluationContext;)Lorg/ow2/authzforce/core/pdp/api/value/BooleanValue;" line="790"><counter type="INSTRUCTION" missed="17" covered="66"/><counter type="BRANCH" missed="0" covered="8"/><counter type="LINE" missed="2" covered="16"/><counter type="COMPLEXITY" missed="0" covered="5"/><counter type="METHOD" missed="0" covered="1"/></method><method name="&lt;clinit&gt;" desc="()V" line="733"><counter type="INSTRUCTION" missed="0" covered="9"/><counter type="LINE" missed="0" covered="2"/><counter type="COMPLEXITY" missed="0" covered="1"/><counter type="METHOD" missed="0" covered="1"/></method><counter type="INSTRUCTION" missed="17" covered="101"/><counter type="BRANCH" missed="0" covered="10"/><counter type="LINE" missed="2" covered="27"/><counter type="COMPLEXITY" missed="0" covered="8"/><counter type="METHOD" missed="0" covered="3"/><counter type="CLASS" missed="0" covered="1"/></class><class name="org/ow2/authzforce/core/pdp/impl/func/NumericArithmeticOperators" sourcefilename="NumericArithmeticOperators.java"><method name="&lt;clinit&gt;" desc="()V" line="105"><counter type="INSTRUCTION" missed="0" covered="13"/><counter type="LINE" missed="0" covered="3"/><counter type="COMPLEXITY" missed="0" covered="1"/><counter type="METHOD" missed="0" covered="1"/></method><counter type="INSTRUCTION" missed="0" covered="13"/><counter type="LINE" missed="0" covered="3"/><counter type="COMPLEXITY" missed="0" covered="1"/><counter type="METHOD" missed="0" covered="1"/><counter type="CLASS" missed="0" covered="1"/></class><class name="org/ow2/authzforce/core/pdp/impl/func/NumericArithmeticFunction" sourcefilename="NumericArithmeticFunction.java"><method name="validate" desc="(Ljava/util/List;)Ljava/util/List;" line="56"><counter type="INSTRUCTION" missed="2" covered="7"/><counter type="BRANCH" missed="2" covered="2"/><counter type="LINE" missed="1" covered="2"/><counter type="COMPLEXITY" missed="2" covered="1"/><counter type="METHOD" missed="0" covered="1"/></method><method name="&lt;init&gt;" desc="(Ljava/lang/String;ZLjava/util/List;Lorg/ow2/authzforce/core/pdp/impl/func/NumericArithmeticFunction$StaticOperation;)V" line="122"><counter type="INSTRUCTION" missed="0" covered="14"/><counter type="LINE" missed="0" covered="3"/><counter type="COMPLEXITY" missed="0" covered="1"/><counter type="METHOD" missed="0" covered="1"/></method><method name="newCall" desc="(Ljava/util/List;[Lorg/ow2/authzforce/core/pdp/api/value/Datatype;)Lorg/ow2/authzforce/core/pdp/api/func/FirstOrderFunctionCall;" line="137"><counter type="INSTRUCTION" missed="52" covered="89"/><counter type="BRANCH" missed="4" covered="8"/><counter type="LINE" missed="6" covered="20"/><counter type="COMPLEXITY" missed="4" covered="3"/><counter type="METHOD" missed="0" covered="1"/></method><method name="&lt;clinit&gt;" desc="()V" line="51"><counter type="INSTRUCTION" missed="0" covered="9"/><counter type="LINE" missed="0" covered="2"/><counter type="COMPLEXITY" missed="0" covered="1"/><counter type="METHOD" missed="0" covered="1"/></method><counter type="INSTRUCTION" missed="54" covered="119"/><counter type="BRANCH" missed="6" covered="10"/><counter type="LINE" missed="7" covered="27"/><counter type="COMPLEXITY" missed="6" covered="6"/><counter type="METHOD" missed="0" covered="4"/><counter type="CLASS" missed="0" covered="1"/></class><class name="org/ow2/authzforce/core/pdp/impl/func/LogicalNotFunction$1" sourcefilename="LogicalNotFunction.java"><method name="&lt;init&gt;" desc="(Lorg/ow2/authzforce/core/pdp/impl/func/LogicalNotFunction;Lorg/ow2/authzforce/core/pdp/api/func/SingleParameterTypedFirstOrderFunctionSignature;Ljava/util/List;[Lorg/ow2/authzforce/core/pdp/api/value/Datatype;)V" line="51"><counter type="INSTRUCTION" missed="0" covered="9"/><counter type="LINE" missed="0" covered="1"/><counter type="COMPLEXITY" missed="0" covered="1"/><counter type="METHOD" missed="0" covered="1"/></method><method name="evaluate" desc="(Ljava/util/Deque;)Lorg/ow2/authzforce/core/pdp/api/value/BooleanValue;" line="55"><counter type="INSTRUCTION" missed="0" covered="5"/><counter type="LINE" missed="0" covered="1"/><counter type="COMPLEXITY" missed="0" covered="1"/><counter type="METHOD" missed="0" covered="1"/></method><counter type="INSTRUCTION" missed="0" covered="14"/><counter type="LINE" missed="0" covered="2"/><counter type="COMPLEXITY" missed="0" covered="2"/><counter type="METHOD" missed="0" covered="2"/><counter type="CLASS" missed="0" covered="1"/></class><class name="org/ow2/authzforce/core/pdp/impl/func/TemporalArithmeticOperators" sourcefilename="TemporalArithmeticOperators.java"/><class name="org/ow2/authzforce/core/pdp/impl/func/StandardHigherOrderBagFunctions$AnyOfAny" sourcefilename="StandardHigherOrderBagFunctions.java"><method name="&lt;init&gt;" desc="(Ljava/lang/String;)V" line="526"><counter type="INSTRUCTION" missed="0" covered="17"/><counter type="LINE" missed="0" covered="3"/><counter type="COMPLEXITY" missed="0" covered="1"/><counter type="METHOD" missed="0" covered="1"/></method><method name="checkNumberOfArgs" desc="(I)V" line="532"><counter type="INSTRUCTION" missed="0" covered="22"/><counter type="BRANCH" missed="0" covered="2"/><counter type="LINE" missed="0" covered="3"/><counter type="COMPLEXITY" missed="0" covered="2"/><counter type="METHOD" missed="0" covered="1"/></method><method name="createFunctionCallFromSubFunction" desc="(Lorg/ow2/authzforce/core/pdp/api/func/FirstOrderFunction;Ljava/util/List;)Lorg/ow2/authzforce/core/pdp/api/func/FunctionCall;" line="540"><counter type="INSTRUCTION" missed="0" covered="7"/><counter type="LINE" missed="0" covered="1"/><counter type="COMPLEXITY" missed="0" covered="1"/><counter type="METHOD" missed="0" covered="1"/></method><counter type="INSTRUCTION" missed="0" covered="46"/><counter type="BRANCH" missed="0" covered="2"/><counter type="LINE" missed="0" covered="7"/><counter type="COMPLEXITY" missed="0" covered="4"/><counter type="METHOD" missed="0" covered="3"/><counter type="CLASS" missed="0" covered="1"/></class><class name="org/ow2/authzforce/core/pdp/impl/func/TemporalArithmeticOperators$TimeAddDurationOperator" sourcefilename="TemporalArithmeticOperators.java"><method name="&lt;init&gt;" desc="()V" line="31"><counter type="INSTRUCTION" missed="0" covered="3"/><counter type="LINE" missed="0" covered="1"/><counter type="COMPLEXITY" missed="0" covered="1"/><counter type="METHOD" missed="0" covered="1"/></method><method name="eval" desc="(Lorg/ow2/authzforce/core/pdp/api/value/BaseTimeValue;Lorg/ow2/authzforce/core/pdp/api/value/DurationValue;)Lorg/ow2/authzforce/core/pdp/api/value/BaseTimeValue;" line="37"><counter type="INSTRUCTION" missed="0" covered="4"/><counter type="LINE" missed="0" covered="1"/><counter type="COMPLEXITY" missed="0" covered="1"/><counter type="METHOD" missed="0" covered="1"/></method><counter type="INSTRUCTION" missed="0" covered="7"/><counter type="LINE" missed="0" covered="2"/><counter type="COMPLEXITY" missed="0" covered="2"/><counter type="METHOD" missed="0" covered="2"/><counter type="CLASS" missed="0" covered="1"/></class><class name="org/ow2/authzforce/core/pdp/impl/func/NumericArithmeticOperators$MultiplyOperator" sourcefilename="NumericArithmeticOperators.java"><method name="&lt;init&gt;" desc="()V" line="63"><counter type="INSTRUCTION" missed="0" covered="3"/><counter type="LINE" missed="0" covered="1"/><counter type="COMPLEXITY" missed="0" covered="1"/><counter type="METHOD" missed="0" covered="1"/></method><method name="isCommutative" desc="()Z" line="69"><counter type="INSTRUCTION" missed="0" covered="2"/><counter type="LINE" missed="0" covered="1"/><counter type="COMPLEXITY" missed="0" covered="1"/><counter type="METHOD" missed="0" covered="1"/></method><method name="eval" desc="(Ljava/util/Deque;)Lorg/ow2/authzforce/core/pdp/api/value/NumericValue;" line="75"><counter type="INSTRUCTION" missed="0" covered="8"/><counter type="LINE" missed="0" covered="2"/><counter type="COMPLEXITY" missed="0" covered="1"/><counter type="METHOD" missed="0" covered="1"/></method><counter type="INSTRUCTION" missed="0" covered="13"/><counter type="LINE" missed="0" covered="4"/><counter type="COMPLEXITY" missed="0" covered="3"/><counter type="METHOD" missed="0" covered="3"/><counter type="CLASS" missed="0" covered="1"/></class><class name="org/ow2/authzforce/core/pdp/impl/func/StandardHigherOrderBagFunctions$BooleanHigherOrderTwoBagFunction" sourcefilename="StandardHigherOrderBagFunctions.java"><method name="&lt;init&gt;" desc="(Ljava/lang/String;)V" line="73"><counter type="INSTRUCTION" missed="0" covered="20"/><counter type="LINE" missed="0" covered="3"/><counter type="COMPLEXITY" missed="0" covered="1"/><counter type="METHOD" missed="0" covered="1"/></method><method name="checkNumberOfArgs" desc="(I)V" line="82"><counter type="INSTRUCTION" missed="0" covered="22"/><counter type="BRANCH" missed="0" covered="2"/><counter type="LINE" missed="0" covered="3"/><counter type="COMPLEXITY" missed="0" covered="2"/><counter type="METHOD" missed="0" covered="1"/></method><method name="createFunctionCallFromSubFunction" desc="(Lorg/ow2/authzforce/core/pdp/api/func/FirstOrderFunction;Ljava/util/List;)Lorg/ow2/authzforce/core/pdp/api/func/FunctionCall;" line="161"><counter type="INSTRUCTION" missed="0" covered="36"/><counter type="BRANCH" missed="0" covered="4"/><counter type="LINE" missed="0" covered="7"/><counter type="COMPLEXITY" missed="0" covered="3"/><counter type="METHOD" missed="0" covered="1"/></method><counter type="INSTRUCTION" missed="0" covered="78"/><counter type="BRANCH" missed="0" covered="6"/><counter type="LINE" missed="0" covered="13"/><counter type="COMPLEXITY" missed="0" covered="6"/><counter type="METHOD" missed="0" covered="3"/><counter type="CLASS" missed="0" covered="1"/></class><class name="org/ow2/authzforce/core/pdp/impl/func/StringN11nFunction" sourcefilename="StringN11nFunction.java"><method name="&lt;init&gt;" desc="(Ljava/lang/String;Lorg/ow2/authzforce/core/pdp/impl/func/StringN11nFunction$StringNormalizer;)V" line="110"><counter type="INSTRUCTION" missed="0" covered="16"/><counter type="LINE" missed="0" covered="3"/><counter type="COMPLEXITY" missed="0" covered="1"/><counter type="METHOD" missed="0" covered="1"/></method><method name="newCall" desc="(Ljava/util/List;[Lorg/ow2/authzforce/core/pdp/api/value/Datatype;)Lorg/ow2/authzforce/core/pdp/api/func/FirstOrderFunctionCall;" line="118"><counter type="INSTRUCTION" missed="0" covered="6"/><counter type="LINE" missed="0" covered="1"/><counter type="COMPLEXITY" missed="0" covered="1"/><counter type="METHOD" missed="0" covered="1"/></method><method name="&lt;clinit&gt;" desc="()V" line="75"><counter type="INSTRUCTION" missed="0" covered="9"/><counter type="LINE" missed="0" covered="2"/><counter type="COMPLEXITY" missed="0" covered="1"/><counter type="METHOD" missed="0" covered="1"/></method><counter type="INSTRUCTION" missed="0" covered="31"/><counter type="LINE" missed="0" covered="6"/><counter type="COMPLEXITY" missed="0" covered="3"/><counter type="METHOD" missed="0" covered="3"/><counter type="CLASS" missed="0" covered="1"/></class><class name="org/ow2/authzforce/core/pdp/impl/func/LogicalNOfFunction$CallWithVarArg0" sourcefilename="LogicalNOfFunction.java"><method name="&lt;init&gt;" desc="(Lorg/ow2/authzforce/core/pdp/api/func/FirstOrderFunctionSignature;Ljava/util/List;[Lorg/ow2/authzforce/core/pdp/api/value/Datatype;)V" line="266"><counter type="INSTRUCTION" missed="14" covered="0"/><counter type="LINE" missed="4" covered="0"/><counter type="COMPLEXITY" missed="1" covered="0"/><counter type="METHOD" missed="1" covered="0"/></method><method name="evaluate" desc="(Lorg/ow2/authzforce/core/pdp/api/EvaluationContext;[Lorg/ow2/authzforce/core/pdp/api/value/AttributeValue;)Lorg/ow2/authzforce/core/pdp/api/value/BooleanValue;" line="279"><counter type="INSTRUCTION" missed="91" covered="0"/><counter type="BRANCH" missed="6" covered="0"/><counter type="LINE" missed="15" covered="0"/><counter type="COMPLEXITY" missed="4" covered="0"/><counter type="METHOD" missed="1" covered="0"/></method><counter type="INSTRUCTION" missed="105" covered="0"/><counter type="BRANCH" missed="6" covered="0"/><counter type="LINE" missed="19" covered="0"/><counter type="COMPLEXITY" missed="5" covered="0"/><counter type="METHOD" missed="2" covered="0"/><counter type="CLASS" missed="1" covered="0"/></class><class name="org/ow2/authzforce/core/pdp/impl/func/LogicalOrFunction$Call" sourcefilename="LogicalOrFunction.java"><method name="&lt;init&gt;" desc="(Lorg/ow2/authzforce/core/pdp/api/func/FirstOrderFunctionSignature;Ljava/util/List;[Lorg/ow2/authzforce/core/pdp/api/value/Datatype;)V" line="59"><counter type="INSTRUCTION" missed="0" covered="39"/><counter type="LINE" missed="0" covered="5"/><counter type="COMPLEXITY" missed="0" covered="1"/><counter type="METHOD" missed="0" covered="1"/></method><method name="evaluate" desc="(Lorg/ow2/authzforce/core/pdp/api/EvaluationContext;[Lorg/ow2/authzforce/core/pdp/api/value/AttributeValue;)Lorg/ow2/authzforce/core/pdp/api/value/BooleanValue;" line="68"><counter type="INSTRUCTION" missed="53" covered="56"/><counter type="BRANCH" missed="5" covered="7"/><counter type="LINE" missed="8" covered="15"/><counter type="COMPLEXITY" missed="3" covered="4"/><counter type="METHOD" missed="0" covered="1"/></method><counter type="INSTRUCTION" missed="53" covered="95"/><counter type="BRANCH" missed="5" covered="7"/><counter type="LINE" missed="8" covered="20"/><counter type="COMPLEXITY" missed="3" covered="5"/><counter type="METHOD" missed="0" covered="2"/><counter type="CLASS" missed="0" covered="1"/></class><class name="org/ow2/authzforce/core/pdp/impl/func/ImmutableFunctionRegistry" sourcefilename="ImmutableFunctionRegistry.java"><method name="&lt;init&gt;" desc="(Ljava/util/Set;Ljava/util/Set;)V" line="54"><counter type="INSTRUCTION" missed="2" covered="19"/><counter type="BRANCH" missed="1" covered="1"/><counter type="LINE" missed="0" covered="4"/><counter type="COMPLEXITY" missed="1" covered="1"/><counter type="METHOD" missed="0" covered="1"/></method><method name="getFunction" desc="(Ljava/lang/String;)Lorg/ow2/authzforce/core/pdp/api/func/Function;" line="68"><counter type="INSTRUCTION" missed="0" covered="6"/><counter type="LINE" missed="0" covered="1"/><counter type="COMPLEXITY" missed="0" covered="1"/><counter type="METHOD" missed="0" covered="1"/></method><method name="getFunction" desc="(Ljava/lang/String;Lorg/ow2/authzforce/core/pdp/api/value/Datatype;)Lorg/ow2/authzforce/core/pdp/api/func/Function;" line="79"><counter type="INSTRUCTION" missed="4" covered="25"/><counter type="BRANCH" missed="2" covered="4"/><counter type="LINE" missed="2" covered="7"/><counter type="COMPLEXITY" missed="2" covered="2"/><counter type="METHOD" missed="0" covered="1"/></method><method name="getNonGenericFunctions" desc="()Ljava/util/Set;" line="102"><counter type="INSTRUCTION" missed="4" covered="0"/><counter type="LINE" missed="1" covered="0"/><counter type="COMPLEXITY" missed="1" covered="0"/><counter type="METHOD" missed="1" covered="0"/></method><method name="getGenericFunctionFactories" desc="()Ljava/util/Set;" line="108"><counter type="INSTRUCTION" missed="4" covered="0"/><counter type="LINE" missed="1" covered="0"/><counter type="COMPLEXITY" missed="1" covered="0"/><counter type="METHOD" missed="1" covered="0"/></method><counter type="INSTRUCTION" missed="14" covered="50"/><counter type="BRANCH" missed="3" covered="5"/><counter type="LINE" missed="4" covered="12"/><counter type="COMPLEXITY" missed="5" covered="4"/><counter type="METHOD" missed="2" covered="3"/><counter type="CLASS" missed="0" covered="1"/></class><class name="org/ow2/authzforce/core/pdp/impl/func/NumericArithmeticFunction$StaticOperation" sourcefilename="NumericArithmeticFunction.java"/><class name="org/ow2/authzforce/core/pdp/impl/func/StandardHigherOrderBagFunctions$BooleanOneBagOnlyFunction" sourcefilename="StandardHigherOrderBagFunctions.java"><method name="&lt;init&gt;" desc="(Ljava/lang/String;Lorg/ow2/authzforce/core/pdp/impl/func/StandardHigherOrderBagFunctions$BooleanOneBagOnlyFunction$CallFactory;)V" line="441"><counter type="INSTRUCTION" missed="0" covered="9"/><counter type="LINE" missed="0" covered="3"/><counter type="COMPLEXITY" missed="0" covered="1"/><counter type="METHOD" missed="0" covered="1"/></method><method name="newFunctionCall" desc="(Lorg/ow2/authzforce/core/pdp/api/func/FirstOrderFunction;Ljava/util/List;Lorg/ow2/authzforce/core/pdp/api/expression/Expression;Ljava/util/List;)Lorg/ow2/authzforce/core/pdp/impl/func/StandardHigherOrderBagFunctions$OneBagOnlyHigherOrderFunction$Call;" line="448"><counter type="INSTRUCTION" missed="0" covered="7"/><counter type="LINE" missed="0" covered="1"/><counter type="COMPLEXITY" missed="0" covered="1"/><counter type="METHOD" missed="0" covered="1"/></method><counter type="INSTRUCTION" missed="0" covered="16"/><counter type="LINE" missed="0" covered="4"/><counter type="COMPLEXITY" missed="0" covered="2"/><counter type="METHOD" missed="0" covered="2"/><counter type="CLASS" missed="0" covered="1"/></class><class name="org/ow2/authzforce/core/pdp/impl/func/NumericArithmeticFunction$Call" sourcefilename="NumericArithmeticFunction.java"><method name="&lt;init&gt;" desc="(Lorg/ow2/authzforce/core/pdp/api/func/SingleParameterTypedFirstOrderFunctionSignature;Lorg/ow2/authzforce/core/pdp/impl/func/NumericArithmeticFunction$StaticOperation;Ljava/util/List;[Lorg/ow2/authzforce/core/pdp/api/value/Datatype;)V" line="89"><counter type="INSTRUCTION" missed="0" covered="22"/><counter type="LINE" missed="0" covered="4"/><counter type="COMPLEXITY" missed="0" covered="1"/><counter type="METHOD" missed="0" covered="1"/></method><method name="evaluate" desc="(Ljava/util/Deque;)Lorg/ow2/authzforce/core/pdp/api/value/NumericValue;" line="98"><counter type="INSTRUCTION" missed="0" covered="15"/><counter type="LINE" missed="0" covered="3"/><counter type="COMPLEXITY" missed="0" covered="1"/><counter type="METHOD" missed="0" covered="1"/></method><counter type="INSTRUCTION" missed="0" covered="37"/><counter type="LINE" missed="0" covered="7"/><counter type="COMPLEXITY" missed="0" covered="2"/><counter type="METHOD" missed="0" covered="2"/><counter type="CLASS" missed="0" covered="1"/></class><class name="org/ow2/authzforce/core/pdp/impl/func/StandardDatatypeConverters$FromStringConverter" sourcefilename="StandardDatatypeConverters.java"><method name="&lt;init&gt;" desc="(Lorg/ow2/authzforce/core/pdp/api/value/StringParseableValue$Factory;)V" line="56"><counter type="INSTRUCTION" missed="0" covered="6"/><counter type="LINE" missed="0" covered="3"/><counter type="COMPLEXITY" missed="0" covered="1"/><counter type="METHOD" missed="0" covered="1"/></method><method name="convert" desc="(Lorg/ow2/authzforce/core/pdp/api/value/StringValue;)Lorg/ow2/authzforce/core/pdp/api/value/SimpleValue;" line="63"><counter type="INSTRUCTION" missed="0" covered="8"/><counter type="LINE" missed="0" covered="1"/><counter type="COMPLEXITY" missed="0" covered="1"/><counter type="METHOD" missed="0" covered="1"/></method><counter type="INSTRUCTION" missed="0" covered="14"/><counter type="LINE" missed="0" covered="4"/><counter type="COMPLEXITY" missed="0" covered="2"/><counter type="METHOD" missed="0" covered="2"/><counter type="CLASS" missed="0" covered="1"/></class><class name="org/ow2/authzforce/core/pdp/impl/func/TemporalArithmeticFunction" sourcefilename="TemporalArithmeticFunction.java"><method name="&lt;init&gt;" desc="(Ljava/lang/String;Lorg/ow2/authzforce/core/pdp/api/value/Datatype;Lorg/ow2/authzforce/core/pdp/api/value/Datatype;Lorg/ow2/authzforce/core/pdp/impl/func/TemporalArithmeticFunction$StaticOperation;)V" line="112"><counter type="INSTRUCTION" missed="0" covered="26"/><counter type="LINE" missed="0" covered="5"/><counter type="COMPLEXITY" missed="0" covered="1"/><counter type="METHOD" missed="0" covered="1"/></method><method name="newCall" desc="(Ljava/util/List;[Lorg/ow2/authzforce/core/pdp/api/value/Datatype;)Lorg/ow2/authzforce/core/pdp/api/func/FirstOrderFunctionCall;" line="123"><counter type="INSTRUCTION" missed="0" covered="15"/><counter type="LINE" missed="0" covered="1"/><counter type="COMPLEXITY" missed="0" covered="1"/><counter type="METHOD" missed="0" covered="1"/></method><counter type="INSTRUCTION" missed="0" covered="41"/><counter type="LINE" missed="0" covered="6"/><counter type="COMPLEXITY" missed="0" covered="2"/><counter type="METHOD" missed="0" covered="2"/><counter type="CLASS" missed="0" covered="1"/></class><class name="org/ow2/authzforce/core/pdp/impl/func/StandardHigherOrderBagFunctions$BooleanOneBagOnlyFunction$CallFactory$1" sourcefilename="StandardHigherOrderBagFunctions.java"><method name="&lt;init&gt;" desc="(Lorg/ow2/authzforce/core/pdp/impl/func/StandardHigherOrderBagFunctions$BooleanOneBagOnlyFunction$CallFactory;Ljava/lang/String;Lorg/ow2/authzforce/core/pdp/api/value/Datatype;Lorg/ow2/authzforce/core/pdp/api/func/FirstOrderFunction;Ljava/util/List;Lorg/ow2/authzforce/core/pdp/api/expression/Expression;Ljava/util/List;)V" line="408"><counter type="INSTRUCTION" missed="0" covered="12"/><counter type="LINE" missed="0" covered="1"/><counter type="COMPLEXITY" missed="0" covered="1"/><counter type="METHOD" missed="0" covered="1"/></method><method name="evaluate" desc="(Lorg/ow2/authzforce/core/pdp/api/value/Bag;Lorg/ow2/authzforce/core/pdp/api/EvaluationContext;)Lorg/ow2/authzforce/core/pdp/api/value/BooleanValue;" line="412"><counter type="INSTRUCTION" missed="18" covered="37"/><counter type="BRANCH" missed="0" covered="4"/><counter type="LINE" missed="2" covered="8"/><counter type="COMPLEXITY" missed="0" covered="3"/><counter type="METHOD" missed="0" covered="1"/></method><counter type="INSTRUCTION" missed="18" covered="49"/><counter type="BRANCH" missed="0" covered="4"/><counter type="LINE" missed="2" covered="9"/><counter type="COMPLEXITY" missed="0" covered="4"/><counter type="METHOD" missed="0" covered="2"/><counter type="CLASS" missed="0" covered="1"/></class><class name="org/ow2/authzforce/core/pdp/impl/func/MapFunctionFactory" sourcefilename="MapFunctionFactory.java"><method name="&lt;init&gt;" desc="(Ljava/lang/String;)V" line="148"><counter type="INSTRUCTION" missed="0" covered="6"/><counter type="LINE" missed="0" covered="3"/><counter type="COMPLEXITY" missed="0" covered="1"/><counter type="METHOD" missed="0" covered="1"/></method><method name="getId" desc="()Ljava/lang/String;" line="154"><counter type="INSTRUCTION" missed="0" covered="3"/><counter type="LINE" missed="0" covered="1"/><counter type="COMPLEXITY" missed="0" covered="1"/><counter type="METHOD" missed="0" covered="1"/></method><method name="getInstance" desc="(Lorg/ow2/authzforce/core/pdp/api/value/Datatype;)Lorg/ow2/authzforce/core/pdp/api/func/HigherOrderBagFunction;" line="159"><counter type="INSTRUCTION" missed="21" covered="14"/><counter type="BRANCH" missed="2" covered="2"/><counter type="LINE" missed="2" covered="3"/><counter type="COMPLEXITY" missed="2" covered="1"/><counter type="METHOD" missed="0" covered="1"/></method><method name="&lt;clinit&gt;" desc="()V" line="47"><counter type="INSTRUCTION" missed="0" covered="6"/><counter type="LINE" missed="0" covered="1"/><counter type="COMPLEXITY" missed="0" covered="1"/><counter type="METHOD" missed="0" covered="1"/></method><counter type="INSTRUCTION" missed="21" covered="29"/><counter type="BRANCH" missed="2" covered="2"/><counter type="LINE" missed="2" covered="8"/><counter type="COMPLEXITY" missed="2" covered="4"/><counter type="METHOD" missed="0" covered="4"/><counter type="CLASS" missed="0" covered="1"/></class><class name="org/ow2/authzforce/core/pdp/impl/func/FunctionRegistry" sourcefilename="FunctionRegistry.java"/><class name="org/ow2/authzforce/core/pdp/impl/func/NumericArithmeticOperators$3" sourcefilename="NumericArithmeticOperators.java"><method name="&lt;init&gt;" desc="()V" line="128"><counter type="INSTRUCTION" missed="0" covered="3"/><counter type="LINE" missed="0" covered="1"/><counter type="COMPLEXITY" missed="0" covered="1"/><counter type="METHOD" missed="0" covered="1"/></method><method name="eval" desc="(Ljava/util/Deque;)Lorg/ow2/authzforce/core/pdp/api/value/DoubleValue;" line="132"><counter type="INSTRUCTION" missed="0" covered="5"/><counter type="LINE" missed="0" covered="1"/><counter type="COMPLEXITY" missed="0" covered="1"/><counter type="METHOD" missed="0" covered="1"/></method><counter type="INSTRUCTION" missed="0" covered="8"/><counter type="LINE" missed="0" covered="2"/><counter type="COMPLEXITY" missed="0" covered="2"/><counter type="METHOD" missed="0" covered="2"/><counter type="CLASS" missed="0" covered="1"/></class><class name="org/ow2/authzforce/core/pdp/impl/func/StandardDatatypeConverters$ToStringConverter" sourcefilename="StandardDatatypeConverters.java"><method name="&lt;init&gt;" desc="()V" line="69"><counter type="INSTRUCTION" missed="0" covered="3"/><counter type="LINE" missed="0" covered="1"/><counter type="COMPLEXITY" missed="0" covered="1"/><counter type="METHOD" missed="0" covered="1"/></method><method name="convert" desc="(Lorg/ow2/authzforce/core/pdp/api/value/SimpleValue;)Lorg/ow2/authzforce/core/pdp/api/value/StringValue;" line="75"><counter type="INSTRUCTION" missed="0" covered="6"/><counter type="LINE" missed="0" covered="1"/><counter type="COMPLEXITY" missed="0" covered="1"/><counter type="METHOD" missed="0" covered="1"/></method><counter type="INSTRUCTION" missed="0" covered="9"/><counter type="LINE" missed="0" covered="2"/><counter type="COMPLEXITY" missed="0" covered="2"/><counter type="METHOD" missed="0" covered="2"/><counter type="CLASS" missed="0" covered="1"/></class><class name="org/ow2/authzforce/core/pdp/impl/func/NumericArithmeticOperators$DivideOperator" sourcefilename="NumericArithmeticOperators.java"><method name="&lt;init&gt;" desc="()V" line="93"><counter type="INSTRUCTION" missed="0" covered="3"/><counter type="LINE" missed="0" covered="1"/><counter type="COMPLEXITY" missed="0" covered="1"/><counter type="METHOD" missed="0" covered="1"/></method><method name="eval" desc="(Ljava/util/Deque;)Lorg/ow2/authzforce/core/pdp/api/value/NumericValue;" line="98"><counter type="INSTRUCTION" missed="0" covered="12"/><counter type="LINE" missed="0" covered="3"/><counter type="COMPLEXITY" missed="0" covered="1"/><counter type="METHOD" missed="0" covered="1"/></method><counter type="INSTRUCTION" missed="0" covered="15"/><counter type="LINE" missed="0" covered="4"/><counter type="COMPLEXITY" missed="0" covered="2"/><counter type="METHOD" missed="0" covered="2"/><counter type="CLASS" missed="0" covered="1"/></class><class name="org/ow2/authzforce/core/pdp/impl/func/NumericArithmeticFunction$MultaryOperation" sourcefilename="NumericArithmeticFunction.java"/><class name="org/ow2/authzforce/core/pdp/impl/func/NumericArithmeticOperators$AddOperator" sourcefilename="NumericArithmeticOperators.java"><method name="&lt;init&gt;" desc="()V" line="46"><counter type="INSTRUCTION" missed="0" covered="3"/><counter type="LINE" missed="0" covered="1"/><counter type="COMPLEXITY" missed="0" covered="1"/><counter type="METHOD" missed="0" covered="1"/></method><method name="isCommutative" desc="()Z" line="51"><counter type="INSTRUCTION" missed="0" covered="2"/><counter type="LINE" missed="0" covered="1"/><counter type="COMPLEXITY" missed="0" covered="1"/><counter type="METHOD" missed="0" covered="1"/></method><method name="eval" desc="(Ljava/util/Deque;)Lorg/ow2/authzforce/core/pdp/api/value/NumericValue;" line="57"><counter type="INSTRUCTION" missed="0" covered="8"/><counter type="LINE" missed="0" covered="2"/><counter type="COMPLEXITY" missed="0" covered="1"/><counter type="METHOD" missed="0" covered="1"/></method><counter type="INSTRUCTION" missed="0" covered="13"/><counter type="LINE" missed="0" covered="4"/><counter type="COMPLEXITY" missed="0" covered="3"/><counter type="METHOD" missed="0" covered="3"/><counter type="CLASS" missed="0" covered="1"/></class><class name="org/ow2/authzforce/core/pdp/impl/func/StandardNonEqualTypeMatchers" sourcefilename="StandardNonEqualTypeMatchers.java"><method name="&lt;clinit&gt;" desc="()V" line="37"><counter type="INSTRUCTION" missed="0" covered="17"/><counter type="LINE" missed="0" covered="4"/><counter type="COMPLEXITY" missed="0" covered="1"/><counter type="METHOD" missed="0" covered="1"/></method><counter type="INSTRUCTION" missed="0" covered="17"/><counter type="LINE" missed="0" covered="4"/><counter type="COMPLEXITY" missed="0" covered="1"/><counter type="METHOD" missed="0" covered="1"/><counter type="CLASS" missed="0" covered="1"/></class><class name="org/ow2/authzforce/core/pdp/impl/func/TimeRangeComparisonFunction$Call" sourcefilename="TimeRangeComparisonFunction.java"><method name="eval" desc="(Lorg/ow2/authzforce/core/pdp/api/value/TimeValue;Lorg/ow2/authzforce/core/pdp/api/value/TimeValue;Lorg/ow2/authzforce/core/pdp/api/value/TimeValue;)Z" line="87"><counter type="INSTRUCTION" missed="11" covered="56"/><counter type="BRANCH" missed="3" covered="13"/><counter type="LINE" missed="3" covered="14"/><counter type="COMPLEXITY" missed="3" covered="6"/><counter type="METHOD" missed="0" covered="1"/></method><method name="&lt;init&gt;" desc="(Lorg/ow2/authzforce/core/pdp/api/func/SingleParameterTypedFirstOrderFunctionSignature;Ljava/util/List;[Lorg/ow2/authzforce/core/pdp/api/value/Datatype;)V" line="152"><counter type="INSTRUCTION" missed="0" covered="6"/><counter type="LINE" missed="0" covered="2"/><counter type="COMPLEXITY" missed="0" covered="1"/><counter type="METHOD" missed="0" covered="1"/></method><method name="evaluate" desc="(Ljava/util/Deque;)Lorg/ow2/authzforce/core/pdp/api/value/BooleanValue;" line="161"><counter type="INSTRUCTION" missed="0" covered="12"/><counter type="LINE" missed="0" covered="1"/><counter type="COMPLEXITY" missed="0" covered="1"/><counter type="METHOD" missed="0" covered="1"/></method><method name="&lt;clinit&gt;" desc="()V" line="67"><counter type="INSTRUCTION" missed="0" covered="3"/><counter type="LINE" missed="0" covered="1"/><counter type="COMPLEXITY" missed="0" covered="1"/><counter type="METHOD" missed="0" covered="1"/></method><counter type="INSTRUCTION" missed="11" covered="77"/><counter type="BRANCH" missed="3" covered="13"/><counter type="LINE" missed="3" covered="18"/><counter type="COMPLEXITY" missed="3" covered="9"/><counter type="METHOD" missed="0" covered="4"/><counter type="CLASS" missed="0" covered="1"/></class><class name="org/ow2/authzforce/core/pdp/impl/func/LogicalNOfFunction$Call" sourcefilename="LogicalNOfFunction.java"><method name="&lt;init&gt;" desc="(Lorg/ow2/authzforce/core/pdp/api/func/FirstOrderFunctionSignature;Ljava/util/List;[Lorg/ow2/authzforce/core/pdp/api/value/Datatype;)V" line="71"><counter type="INSTRUCTION" missed="0" covered="63"/><counter type="LINE" missed="0" covered="7"/><counter type="COMPLEXITY" missed="0" covered="1"/><counter type="METHOD" missed="0" covered="1"/></method><method name="evaluate" desc="(Lorg/ow2/authzforce/core/pdp/api/EvaluationContext;ILjava/util/Iterator;[Lorg/ow2/authzforce/core/pdp/api/value/AttributeValue;)Lorg/ow2/authzforce/core/pdp/api/value/BooleanValue;" line="84"><counter type="INSTRUCTION" missed="92" covered="81"/><counter type="BRANCH" missed="20" covered="14"/><counter type="LINE" missed="21" covered="25"/><counter type="COMPLEXITY" missed="12" covered="6"/><counter type="METHOD" missed="0" covered="1"/></method><method name="&lt;clinit&gt;" desc="()V" line="61"><counter type="INSTRUCTION" missed="2" covered="6"/><counter type="BRANCH" missed="1" covered="1"/><counter type="LINE" missed="0" covered="1"/><counter type="COMPLEXITY" missed="1" covered="1"/><counter type="METHOD" missed="0" covered="1"/></method><counter type="INSTRUCTION" missed="94" covered="150"/><counter type="BRANCH" missed="21" covered="15"/><counter type="LINE" missed="21" covered="33"/><counter type="COMPLEXITY" missed="13" covered="8"/><counter type="METHOD" missed="0" covered="3"/><counter type="CLASS" missed="0" covered="1"/></class><class name="org/ow2/authzforce/core/pdp/impl/func/StringConcatenateFunction" sourcefilename="StringConcatenateFunction.java"><method name="&lt;init&gt;" desc="(Ljava/lang/String;)V" line="44"><counter type="INSTRUCTION" missed="0" covered="21"/><counter type="LINE" missed="0" covered="2"/><counter type="COMPLEXITY" missed="0" covered="1"/><counter type="METHOD" missed="0" covered="1"/></method><method name="newCall" desc="(Ljava/util/List;[Lorg/ow2/authzforce/core/pdp/api/value/Datatype;)Lorg/ow2/authzforce/core/pdp/api/func/FirstOrderFunctionCall;" line="51"><counter type="INSTRUCTION" missed="0" covered="9"/><counter type="LINE" missed="0" covered="1"/><counter type="COMPLEXITY" missed="0" covered="1"/><counter type="METHOD" missed="0" covered="1"/></method><counter type="INSTRUCTION" missed="0" covered="30"/><counter type="LINE" missed="0" covered="3"/><counter type="COMPLEXITY" missed="0" covered="2"/><counter type="METHOD" missed="0" covered="2"/><counter type="CLASS" missed="0" covered="1"/></class><class name="org/ow2/authzforce/core/pdp/impl/func/StandardHigherOrderBagFunctions$AllOfAny" sourcefilename="StandardHigherOrderBagFunctions.java"><method name="&lt;init&gt;" desc="(Ljava/lang/String;)V" line="837"><counter type="INSTRUCTION" missed="0" covered="6"/><counter type="LINE" missed="0" covered="2"/><counter type="COMPLEXITY" missed="0" covered="1"/><counter type="METHOD" missed="0" covered="1"/></method><counter type="INSTRUCTION" missed="0" covered="6"/><counter type="LINE" missed="0" covered="2"/><counter type="COMPLEXITY" missed="0" covered="1"/><counter type="METHOD" missed="0" covered="1"/><counter type="CLASS" missed="0" covered="1"/></class><class name="org/ow2/authzforce/core/pdp/impl/func/StandardHigherOrderBagFunctions$BooleanHigherOrderTwoBagAnyFunction$ArgSelector" sourcefilename="StandardHigherOrderBagFunctions.java"/><class name="org/ow2/authzforce/core/pdp/impl/func/StandardHigherOrderBagFunctions$OneBagOnlyHigherOrderFunction" sourcefilename="StandardHigherOrderBagFunctions.java"><method name="&lt;init&gt;" desc="(Ljava/lang/String;Lorg/ow2/authzforce/core/pdp/api/value/Datatype;Lorg/ow2/authzforce/core/pdp/api/value/Datatype;)V" line="190"><counter type="INSTRUCTION" missed="0" covered="45"/><counter type="LINE" missed="0" covered="5"/><counter type="COMPLEXITY" missed="0" covered="1"/><counter type="METHOD" missed="0" covered="1"/></method><method name="checkNumberOfArgs" desc="(I)V" line="286"><counter type="INSTRUCTION" missed="0" covered="17"/><counter type="BRANCH" missed="0" covered="2"/><counter type="LINE" missed="0" covered="3"/><counter type="COMPLEXITY" missed="0" covered="2"/><counter type="METHOD" missed="0" covered="1"/></method><method name="createFunctionCallFromSubFunction" desc="(Lorg/ow2/authzforce/core/pdp/api/func/FirstOrderFunction;Ljava/util/List;)Lorg/ow2/authzforce/core/pdp/api/func/FunctionCall;" line="313"><counter type="INSTRUCTION" missed="0" covered="75"/><counter type="BRANCH" missed="0" covered="10"/><counter type="LINE" missed="0" covered="19"/><counter type="COMPLEXITY" missed="0" covered="6"/><counter type="METHOD" missed="0" covered="1"/></method><counter type="INSTRUCTION" missed="0" covered="137"/><counter type="BRANCH" missed="0" covered="12"/><counter type="LINE" missed="0" covered="27"/><counter type="COMPLEXITY" missed="0" covered="9"/><counter type="METHOD" missed="0" covered="3"/><counter type="CLASS" missed="0" covered="1"/></class><class name="org/ow2/authzforce/core/pdp/impl/func/StandardEqualTypeMatchers" sourcefilename="StandardEqualTypeMatchers.java"><method name="&lt;clinit&gt;" desc="()V" line="50"><counter type="INSTRUCTION" missed="0" covered="21"/><counter type="LINE" missed="0" covered="5"/><counter type="COMPLEXITY" missed="0" covered="1"/><counter type="METHOD" missed="0" covered="1"/></method><counter type="INSTRUCTION" missed="0" covered="21"/><counter type="LINE" missed="0" covered="5"/><counter type="COMPLEXITY" missed="0" covered="1"/><counter type="METHOD" missed="0" covered="1"/><counter type="CLASS" missed="0" covered="1"/></class><class name="org/ow2/authzforce/core/pdp/impl/func/XPathNodeCountFunction" sourcefilename="XPathNodeCountFunction.java"><method name="&lt;init&gt;" desc="(Ljava/lang/String;)V" line="130"><counter type="INSTRUCTION" missed="0" covered="21"/><counter type="LINE" missed="0" covered="3"/><counter type="COMPLEXITY" missed="0" covered="1"/><counter type="METHOD" missed="0" covered="1"/></method><method name="newCall" desc="(Ljava/util/List;[Lorg/ow2/authzforce/core/pdp/api/value/Datatype;)Lorg/ow2/authzforce/core/pdp/api/func/FirstOrderFunctionCall;" line="138"><counter type="INSTRUCTION" missed="6" covered="0"/><counter type="LINE" missed="1" covered="0"/><counter type="COMPLEXITY" missed="1" covered="0"/><counter type="METHOD" missed="1" covered="0"/></method><counter type="INSTRUCTION" missed="6" covered="21"/><counter type="LINE" missed="1" covered="3"/><counter type="COMPLEXITY" missed="1" covered="1"/><counter type="METHOD" missed="1" covered="1"/><counter type="CLASS" missed="0" covered="1"/></class><class name="org/ow2/authzforce/core/pdp/impl/func/NumericArithmeticOperators$1" sourcefilename="NumericArithmeticOperators.java"><method name="&lt;init&gt;" desc="()V" line="106"><counter type="INSTRUCTION" missed="0" covered="3"/><counter type="LINE" missed="0" covered="1"/><counter type="COMPLEXITY" missed="0" covered="1"/><counter type="METHOD" missed="0" covered="1"/></method><method name="eval" desc="(Ljava/util/Deque;)Lorg/ow2/authzforce/core/pdp/api/value/IntegerValue;" line="110"><counter type="INSTRUCTION" missed="0" covered="12"/><counter type="LINE" missed="0" covered="3"/><counter type="COMPLEXITY" missed="0" covered="1"/><counter type="METHOD" missed="0" covered="1"/></method><counter type="INSTRUCTION" missed="0" covered="15"/><counter type="LINE" missed="0" covered="4"/><counter type="COMPLEXITY" missed="0" covered="2"/><counter type="METHOD" missed="0" covered="2"/><counter type="CLASS" missed="0" covered="1"/></class><class name="org/ow2/authzforce/core/pdp/impl/func/NumericArithmeticOperators$2" sourcefilename="NumericArithmeticOperators.java"><method name="&lt;init&gt;" desc="()V" line="117"><counter type="INSTRUCTION" missed="0" covered="3"/><counter type="LINE" missed="0" covered="1"/><counter type="COMPLEXITY" missed="0" covered="1"/><counter type="METHOD" missed="0" covered="1"/></method><method name="eval" desc="(Ljava/util/Deque;)Lorg/ow2/authzforce/core/pdp/api/value/DoubleValue;" line="122"><counter type="INSTRUCTION" missed="0" covered="5"/><counter type="LINE" missed="0" covered="1"/><counter type="COMPLEXITY" missed="0" covered="1"/><counter type="METHOD" missed="0" covered="1"/></method><counter type="INSTRUCTION" missed="0" covered="8"/><counter type="LINE" missed="0" covered="2"/><counter type="COMPLEXITY" missed="0" covered="2"/><counter type="METHOD" missed="0" covered="2"/><counter type="CLASS" missed="0" covered="1"/></class><class name="org/ow2/authzforce/core/pdp/impl/func/XPathNodeCountFunction$CallFactory$Call" sourcefilename="XPathNodeCountFunction.java"><method name="&lt;init&gt;" desc="(Lorg/ow2/authzforce/core/pdp/api/func/FirstOrderFunctionSignature;Ljava/util/List;[Lorg/ow2/authzforce/core/pdp/api/value/Datatype;)V" line="65"><counter type="INSTRUCTION" missed="50" covered="0"/><counter type="LINE" missed="6" covered="0"/><counter type="COMPLEXITY" missed="1" covered="0"/><counter type="METHOD" missed="1" covered="0"/></method><method name="evaluate" desc="(Lorg/ow2/authzforce/core/pdp/api/EvaluationContext;[Lorg/ow2/authzforce/core/pdp/api/value/AttributeValue;)Lorg/ow2/authzforce/core/pdp/api/value/IntegerValue;" line="78"><counter type="INSTRUCTION" missed="64" covered="0"/><counter type="BRANCH" missed="2" covered="0"/><counter type="LINE" missed="15" covered="0"/><counter type="COMPLEXITY" missed="2" covered="0"/><counter type="METHOD" missed="1" covered="0"/></method><counter type="INSTRUCTION" missed="114" covered="0"/><counter type="BRANCH" missed="2" covered="0"/><counter type="LINE" missed="21" covered="0"/><counter type="COMPLEXITY" missed="3" covered="0"/><counter type="METHOD" missed="2" covered="0"/><counter type="CLASS" missed="1" covered="0"/></class><class name="org/ow2/authzforce/core/pdp/impl/func/LogicalAndFunction$CallFactory" sourcefilename="LogicalAndFunction.java"><method name="&lt;init&gt;" desc="(Lorg/ow2/authzforce/core/pdp/api/func/SingleParameterTypedFirstOrderFunctionSignature;)V" line="136"><counter type="INSTRUCTION" missed="0" covered="6"/><counter type="LINE" missed="0" covered="3"/><counter type="COMPLEXITY" missed="0" covered="1"/><counter type="METHOD" missed="0" covered="1"/></method><method name="getInstance" desc="(Ljava/util/List;[Lorg/ow2/authzforce/core/pdp/api/value/Datatype;)Lorg/ow2/authzforce/core/pdp/api/func/FirstOrderFunctionCall;" line="150"><counter type="INSTRUCTION" missed="0" covered="9"/><counter type="LINE" missed="0" covered="1"/><counter type="COMPLEXITY" missed="0" covered="1"/><counter type="METHOD" missed="0" covered="1"/></method><counter type="INSTRUCTION" missed="0" covered="15"/><counter type="LINE" missed="0" covered="4"/><counter type="COMPLEXITY" missed="0" covered="2"/><counter type="METHOD" missed="0" covered="2"/><counter type="CLASS" missed="0" covered="1"/></class><class name="org/ow2/authzforce/core/pdp/impl/func/MapFunctionFactory$MapFunction" sourcefilename="MapFunctionFactory.java"><method name="&lt;init&gt;" desc="(Ljava/lang/String;Lorg/ow2/authzforce/core/pdp/api/value/AttributeDatatype;)V" line="134"><counter type="INSTRUCTION" missed="0" covered="7"/><counter type="LINE" missed="0" covered="2"/><counter type="COMPLEXITY" missed="0" covered="1"/><counter type="METHOD" missed="0" covered="1"/></method><method name="newFunctionCall" desc="(Lorg/ow2/authzforce/core/pdp/api/func/FirstOrderFunction;Ljava/util/List;Lorg/ow2/authzforce/core/pdp/api/expression/Expression;Ljava/util/List;)Lorg/ow2/authzforce/core/pdp/impl/func/StandardHigherOrderBagFunctions$OneBagOnlyHigherOrderFunction$Call;" line="140"><counter type="INSTRUCTION" missed="0" covered="13"/><counter type="LINE" missed="0" covered="1"/><counter type="COMPLEXITY" missed="0" covered="1"/><counter type="METHOD" missed="0" covered="1"/></method><counter type="INSTRUCTION" missed="0" covered="20"/><counter type="LINE" missed="0" covered="3"/><counter type="COMPLEXITY" missed="0" covered="2"/><counter type="METHOD" missed="0" covered="2"/><counter type="CLASS" missed="0" covered="1"/></class><class name="org/ow2/authzforce/core/pdp/impl/func/TemporalArithmeticFunction$Call" sourcefilename="TemporalArithmeticFunction.java"><method name="&lt;init&gt;" desc="(Lorg/ow2/authzforce/core/pdp/api/func/FirstOrderFunctionSignature;Lorg/ow2/authzforce/core/pdp/api/value/Datatype;Lorg/ow2/authzforce/core/pdp/api/value/Datatype;Lorg/ow2/authzforce/core/pdp/impl/func/TemporalArithmeticFunction$StaticOperation;Ljava/util/List;[Lorg/ow2/authzforce/core/pdp/api/value/Datatype;)V" line="64"><counter type="INSTRUCTION" missed="0" covered="34"/><counter type="LINE" missed="0" covered="6"/><counter type="COMPLEXITY" missed="0" covered="1"/><counter type="METHOD" missed="0" covered="1"/></method><method name="evaluate" desc="(Ljava/util/Deque;)Lorg/ow2/authzforce/core/pdp/api/value/BaseTimeValue;" line="74"><counter type="INSTRUCTION" missed="10" covered="27"/><counter type="LINE" missed="2" covered="6"/><counter type="COMPLEXITY" missed="0" covered="1"/><counter type="METHOD" missed="0" covered="1"/></method><counter type="INSTRUCTION" missed="10" covered="61"/><counter type="LINE" missed="2" covered="12"/><counter type="COMPLEXITY" missed="0" covered="2"/><counter type="METHOD" missed="0" covered="2"/><counter type="CLASS" missed="0" covered="1"/></class><class name="org/ow2/authzforce/core/pdp/impl/func/StandardHigherOrderBagFunctions$AllOfAll" sourcefilename="StandardHigherOrderBagFunctions.java"><method name="&lt;init&gt;" desc="(Ljava/lang/String;)V" line="868"><counter type="INSTRUCTION" missed="0" covered="5"/><counter type="LINE" missed="0" covered="2"/><counter type="COMPLEXITY" missed="0" covered="1"/><counter type="METHOD" missed="0" covered="1"/></method><method name="evaluate" desc="(Lorg/ow2/authzforce/core/pdp/api/func/FirstOrderFunctionCall;Lorg/ow2/authzforce/core/pdp/api/value/Bag;Lorg/ow2/authzforce/core/pdp/api/value/Bag;Lorg/ow2/authzforce/core/pdp/api/EvaluationContext;)Lorg/ow2/authzforce/core/pdp/api/value/BooleanValue;" line="874"><counter type="INSTRUCTION" missed="17" covered="56"/><counter type="BRANCH" missed="0" covered="8"/><counter type="LINE" missed="2" covered="16"/><counter type="COMPLEXITY" missed="0" covered="5"/><counter type="METHOD" missed="0" covered="1"/></method><counter type="INSTRUCTION" missed="17" covered="61"/><counter type="BRANCH" missed="0" covered="8"/><counter type="LINE" missed="2" covered="18"/><counter type="COMPLEXITY" missed="0" covered="6"/><counter type="METHOD" missed="0" covered="2"/><counter type="CLASS" missed="0" covered="1"/></class><class name="org/ow2/authzforce/core/pdp/impl/func/MapFunctionFactory$MapFunction$Call" sourcefilename="MapFunctionFactory.java"><method name="&lt;init&gt;" desc="(Ljava/lang/String;Lorg/ow2/authzforce/core/pdp/api/value/Datatype;Lorg/ow2/authzforce/core/pdp/api/func/FirstOrderFunction;Ljava/util/List;Lorg/ow2/authzforce/core/pdp/api/expression/Expression;Ljava/util/List;)V" line="69"><counter type="INSTRUCTION" missed="0" covered="30"/><counter type="LINE" missed="0" covered="4"/><counter type="COMPLEXITY" missed="0" covered="1"/><counter type="METHOD" missed="0" covered="1"/></method><method name="evaluate" desc="(Lorg/ow2/authzforce/core/pdp/api/value/Bag;Lorg/ow2/authzforce/core/pdp/api/EvaluationContext;)Lorg/ow2/authzforce/core/pdp/api/value/Bag;" line="79"><counter type="INSTRUCTION" missed="36" covered="66"/><counter type="BRANCH" missed="0" covered="4"/><counter type="LINE" missed="4" covered="16"/><counter type="COMPLEXITY" missed="0" covered="3"/><counter type="METHOD" missed="0" covered="1"/></method><counter type="INSTRUCTION" missed="36" covered="96"/><counter type="BRANCH" missed="0" covered="4"/><counter type="LINE" missed="4" covered="20"/><counter type="COMPLEXITY" missed="0" covered="4"/><counter type="METHOD" missed="0" covered="2"/><counter type="CLASS" missed="0" covered="1"/></class><class name="org/ow2/authzforce/core/pdp/impl/func/LogicalAndFunction" sourcefilename="LogicalAndFunction.java"><method name="&lt;init&gt;" desc="(Ljava/lang/String;)V" line="159"><counter type="INSTRUCTION" missed="0" covered="21"/><counter type="LINE" missed="0" covered="3"/><counter type="COMPLEXITY" missed="0" covered="1"/><counter type="METHOD" missed="0" covered="1"/></method><method name="newCall" desc="(Ljava/util/List;[Lorg/ow2/authzforce/core/pdp/api/value/Datatype;)Lorg/ow2/authzforce/core/pdp/api/func/FirstOrderFunctionCall;" line="167"><counter type="INSTRUCTION" missed="0" covered="6"/><counter type="LINE" missed="0" covered="1"/><counter type="COMPLEXITY" missed="0" covered="1"/><counter type="METHOD" missed="0" covered="1"/></method><counter type="INSTRUCTION" missed="0" covered="27"/><counter type="LINE" missed="0" covered="4"/><counter type="COMPLEXITY" missed="0" covered="2"/><counter type="METHOD" missed="0" covered="2"/><counter type="CLASS" missed="0" covered="1"/></class><class name="org/ow2/authzforce/core/pdp/impl/func/TemporalArithmeticOperators$TimeSubtractDurationOperator" sourcefilename="TemporalArithmeticOperators.java"><method name="&lt;init&gt;" desc="()V" line="43"><counter type="INSTRUCTION" missed="0" covered="3"/><counter type="LINE" missed="0" covered="1"/><counter type="COMPLEXITY" missed="0" covered="1"/><counter type="METHOD" missed="0" covered="1"/></method><method name="eval" desc="(Lorg/ow2/authzforce/core/pdp/api/value/BaseTimeValue;Lorg/ow2/authzforce/core/pdp/api/value/DurationValue;)Lorg/ow2/authzforce/core/pdp/api/value/BaseTimeValue;" line="49"><counter type="INSTRUCTION" missed="0" covered="4"/><counter type="LINE" missed="0" covered="1"/><counter type="COMPLEXITY" missed="0" covered="1"/><counter type="METHOD" missed="0" covered="1"/></method><counter type="INSTRUCTION" missed="0" covered="7"/><counter type="LINE" missed="0" covered="2"/><counter type="COMPLEXITY" missed="0" covered="2"/><counter type="METHOD" missed="0" covered="2"/><counter type="CLASS" missed="0" covered="1"/></class><class name="org/ow2/authzforce/core/pdp/impl/func/SubstringFunction" sourcefilename="SubstringFunction.java"><method name="&lt;init&gt;" desc="(Ljava/lang/String;Lorg/ow2/authzforce/core/pdp/api/value/Datatype;)V" line="136"><counter type="INSTRUCTION" missed="0" covered="24"/><counter type="LINE" missed="0" covered="3"/><counter type="COMPLEXITY" missed="0" covered="1"/><counter type="METHOD" missed="0" covered="1"/></method><method name="getInvalidArg1MessagePrefix" desc="(Lorg/ow2/authzforce/core/pdp/api/func/FirstOrderFunctionSignature;)Ljava/lang/String;" line="142"><counter type="INSTRUCTION" missed="0" covered="12"/><counter type="LINE" missed="0" covered="1"/><counter type="COMPLEXITY" missed="0" covered="1"/><counter type="METHOD" missed="0" covered="1"/></method><method name="getInvalidArg2MessagePrefix" desc="(Lorg/ow2/authzforce/core/pdp/api/func/FirstOrderFunctionSignature;)Ljava/lang/String;" line="147"><counter type="INSTRUCTION" missed="12" covered="0"/><counter type="LINE" missed="1" covered="0"/><counter type="COMPLEXITY" missed="1" covered="0"/><counter type="METHOD" missed="1" covered="0"/></method><method name="newCall" desc="(Ljava/util/List;[Lorg/ow2/authzforce/core/pdp/api/value/Datatype;)Lorg/ow2/authzforce/core/pdp/api/func/FirstOrderFunctionCall;" line="154"><counter type="INSTRUCTION" missed="129" covered="128"/><counter type="BRANCH" missed="11" covered="19"/><counter type="LINE" missed="10" covered="29"/><counter type="COMPLEXITY" missed="11" covered="5"/><counter type="METHOD" missed="0" covered="1"/></method><method name="&lt;clinit&gt;" desc="()V" line="54"><counter type="INSTRUCTION" missed="0" covered="4"/><counter type="LINE" missed="0" covered="1"/><counter type="COMPLEXITY" missed="0" covered="1"/><counter type="METHOD" missed="0" covered="1"/></method><counter type="INSTRUCTION" missed="141" covered="168"/><counter type="BRANCH" missed="11" covered="19"/><counter type="LINE" missed="11" covered="34"/><counter type="COMPLEXITY" missed="12" covered="8"/><counter type="METHOD" missed="1" covered="4"/><counter type="CLASS" missed="0" covered="1"/></class><class name="org/ow2/authzforce/core/pdp/impl/func/StandardDatatypeConverters$1" sourcefilename="StandardDatatypeConverters.java"><method name="&lt;init&gt;" desc="()V" line="81"><counter type="INSTRUCTION" missed="0" covered="3"/><counter type="LINE" missed="0" covered="1"/><counter type="COMPLEXITY" missed="0" covered="1"/><counter type="METHOD" missed="0" covered="1"/></method><method name="convert" desc="(Lorg/ow2/authzforce/core/pdp/api/value/BooleanValue;)Lorg/ow2/authzforce/core/pdp/api/value/StringValue;" line="85"><counter type="INSTRUCTION" missed="0" covered="3"/><counter type="LINE" missed="0" covered="1"/><counter type="COMPLEXITY" missed="0" covered="1"/><counter type="METHOD" missed="0" covered="1"/></method><counter type="INSTRUCTION" missed="0" covered="6"/><counter type="LINE" missed="0" covered="2"/><counter type="COMPLEXITY" missed="0" covered="2"/><counter type="METHOD" missed="0" covered="2"/><counter type="CLASS" missed="0" covered="1"/></class><class name="org/ow2/authzforce/core/pdp/impl/func/StandardHigherOrderBagFunctions$BooleanHigherOrderBagFunction" sourcefilename="StandardHigherOrderBagFunctions.java"><method name="&lt;init&gt;" desc="(Ljava/lang/String;)V" line="62"><counter type="INSTRUCTION" missed="0" covered="18"/><counter type="LINE" missed="0" covered="3"/><counter type="COMPLEXITY" missed="0" covered="1"/><counter type="METHOD" missed="0" covered="1"/></method><counter type="INSTRUCTION" missed="0" covered="18"/><counter type="LINE" missed="0" covered="3"/><counter type="COMPLEXITY" missed="0" covered="1"/><counter type="METHOD" missed="0" covered="1"/><counter type="CLASS" missed="0" covered="1"/></class><class name="org/ow2/authzforce/core/pdp/impl/func/StringN11nFunction$CallFactory" sourcefilename="StringN11nFunction.java"><method name="&lt;init&gt;" desc="(Lorg/ow2/authzforce/core/pdp/api/func/SingleParameterTypedFirstOrderFunctionSignature;Lorg/ow2/authzforce/core/pdp/impl/func/StringN11nFunction$StringNormalizer;)V" line="55"><counter type="INSTRUCTION" missed="0" covered="9"/><counter type="LINE" missed="0" covered="4"/><counter type="COMPLEXITY" missed="0" covered="1"/><counter type="METHOD" missed="0" covered="1"/></method><method name="getInstance" desc="(Ljava/util/List;[Lorg/ow2/authzforce/core/pdp/api/value/Datatype;)Lorg/ow2/authzforce/core/pdp/api/func/FirstOrderFunctionCall;" line="62"><counter type="INSTRUCTION" missed="0" covered="9"/><counter type="LINE" missed="0" covered="1"/><counter type="COMPLEXITY" missed="0" covered="1"/><counter type="METHOD" missed="0" covered="1"/></method><counter type="INSTRUCTION" missed="0" covered="18"/><counter type="LINE" missed="0" covered="5"/><counter type="COMPLEXITY" missed="0" covered="2"/><counter type="METHOD" missed="0" covered="2"/><counter type="CLASS" missed="0" covered="1"/></class><class name="org/ow2/authzforce/core/pdp/impl/func/StandardHigherOrderBagFunctions$AnyOfCallFactory" sourcefilename="StandardHigherOrderBagFunctions.java"><method name="&lt;init&gt;" desc="(Ljava/lang/String;)V" line="462"><counter type="INSTRUCTION" missed="0" covered="5"/><counter type="LINE" missed="0" covered="2"/><counter type="COMPLEXITY" missed="0" covered="1"/><counter type="METHOD" missed="0" covered="1"/></method><method name="getFinalResult" desc="(Lorg/ow2/authzforce/core/pdp/api/value/BooleanValue;)Lorg/ow2/authzforce/core/pdp/api/value/BooleanValue;" line="467"><counter type="INSTRUCTION" missed="0" covered="9"/><counter type="BRANCH" missed="0" covered="2"/><counter type="LINE" missed="0" covered="3"/><counter type="COMPLEXITY" missed="0" covered="2"/><counter type="METHOD" missed="0" covered="1"/></method><method name="defaultFinalResult" desc="()Lorg/ow2/authzforce/core/pdp/api/value/BooleanValue;" line="477"><counter type="INSTRUCTION" missed="0" covered="2"/><counter type="LINE" missed="0" covered="1"/><counter type="COMPLEXITY" missed="0" covered="1"/><counter type="METHOD" missed="0" covered="1"/></method><counter type="INSTRUCTION" missed="0" covered="16"/><counter type="BRANCH" missed="0" covered="2"/><counter type="LINE" missed="0" covered="6"/><counter type="COMPLEXITY" missed="0" covered="4"/><counter type="METHOD" missed="0" covered="3"/><counter type="CLASS" missed="0" covered="1"/></class><class name="org/ow2/authzforce/core/pdp/impl/func/StandardHigherOrderBagFunctions$BooleanOneBagOnlyFunction$CallFactory" sourcefilename="StandardHigherOrderBagFunctions.java"><method name="&lt;init&gt;" desc="(Ljava/lang/String;)V" line="383"><counter type="INSTRUCTION" missed="0" covered="18"/><counter type="LINE" missed="0" covered="4"/><counter type="COMPLEXITY" missed="0" covered="1"/><counter type="METHOD" missed="0" covered="1"/></method><method name="getInstance" desc="(Lorg/ow2/authzforce/core/pdp/api/func/FirstOrderFunction;Ljava/util/List;Lorg/ow2/authzforce/core/pdp/api/expression/Expression;)Lorg/ow2/authzforce/core/pdp/impl/func/StandardHigherOrderBagFunctions$OneBagOnlyHigherOrderFunction$Call;" line="407"><counter type="INSTRUCTION" missed="0" covered="12"/><counter type="LINE" missed="0" covered="1"/><counter type="COMPLEXITY" missed="0" covered="1"/><counter type="METHOD" missed="0" covered="1"/></method><counter type="INSTRUCTION" missed="0" covered="30"/><counter type="LINE" missed="0" covered="5"/><counter type="COMPLEXITY" missed="0" covered="2"/><counter type="METHOD" missed="0" covered="2"/><counter type="CLASS" missed="0" covered="1"/></class><class name="org/ow2/authzforce/core/pdp/impl/func/StandardHigherOrderBagFunctions$AnyOfAll" sourcefilename="StandardHigherOrderBagFunctions.java"><method name="&lt;init&gt;" desc="(Ljava/lang/String;)V" line="852"><counter type="INSTRUCTION" missed="0" covered="6"/><counter type="LINE" missed="0" covered="2"/><counter type="COMPLEXITY" missed="0" covered="1"/><counter type="METHOD" missed="0" covered="1"/></method><counter type="INSTRUCTION" missed="0" covered="6"/><counter type="LINE" missed="0" covered="2"/><counter type="COMPLEXITY" missed="0" covered="1"/><counter type="METHOD" missed="0" covered="1"/><counter type="CLASS" missed="0" covered="1"/></class><class name="org/ow2/authzforce/core/pdp/impl/func/StringN11nFunction$1" sourcefilename="StringN11nFunction.java"><method name="&lt;init&gt;" desc="()V" line="76"><counter type="INSTRUCTION" missed="0" covered="3"/><counter type="LINE" missed="0" covered="1"/><counter type="COMPLEXITY" missed="0" covered="1"/><counter type="METHOD" missed="0" covered="1"/></method><method name="normalize" desc="(Lorg/ow2/authzforce/core/pdp/api/value/StringValue;)Lorg/ow2/authzforce/core/pdp/api/value/StringValue;" line="80"><counter type="INSTRUCTION" missed="0" covered="3"/><counter type="LINE" missed="0" covered="1"/><counter type="COMPLEXITY" missed="0" covered="1"/><counter type="METHOD" missed="0" covered="1"/></method><counter type="INSTRUCTION" missed="0" covered="6"/><counter type="LINE" missed="0" covered="2"/><counter type="COMPLEXITY" missed="0" covered="2"/><counter type="METHOD" missed="0" covered="2"/><counter type="CLASS" missed="0" covered="1"/></class><class name="org/ow2/authzforce/core/pdp/impl/func/StringN11nFunction$CallFactory$1" sourcefilename="StringN11nFunction.java"><method name="&lt;init&gt;" desc="(Lorg/ow2/authzforce/core/pdp/impl/func/StringN11nFunction$CallFactory;Lorg/ow2/authzforce/core/pdp/api/func/SingleParameterTypedFirstOrderFunctionSignature;Ljava/util/List;[Lorg/ow2/authzforce/core/pdp/api/value/Datatype;)V" line="63"><counter type="INSTRUCTION" missed="0" covered="9"/><counter type="LINE" missed="0" covered="1"/><counter type="COMPLEXITY" missed="0" covered="1"/><counter type="METHOD" missed="0" covered="1"/></method><method name="evaluate" desc="(Ljava/util/Deque;)Lorg/ow2/authzforce/core/pdp/api/value/StringValue;" line="68"><counter type="INSTRUCTION" missed="0" covered="8"/><counter type="LINE" missed="0" covered="1"/><counter type="COMPLEXITY" missed="0" covered="1"/><counter type="METHOD" missed="0" covered="1"/></method><counter type="INSTRUCTION" missed="0" covered="17"/><counter type="LINE" missed="0" covered="2"/><counter type="COMPLEXITY" missed="0" covered="2"/><counter type="METHOD" missed="0" covered="2"/><counter type="CLASS" missed="0" covered="1"/></class><class name="org/ow2/authzforce/core/pdp/impl/func/StringN11nFunction$2" sourcefilename="StringN11nFunction.java"><method name="&lt;init&gt;" desc="()V" line="86"><counter type="INSTRUCTION" missed="0" covered="3"/><counter type="LINE" missed="0" covered="1"/><counter type="COMPLEXITY" missed="0" covered="1"/><counter type="METHOD" missed="0" covered="1"/></method><method name="normalize" desc="(Lorg/ow2/authzforce/core/pdp/api/value/StringValue;)Lorg/ow2/authzforce/core/pdp/api/value/StringValue;" line="94"><counter type="INSTRUCTION" missed="0" covered="4"/><counter type="LINE" missed="0" covered="1"/><counter type="COMPLEXITY" missed="0" covered="1"/><counter type="METHOD" missed="0" covered="1"/></method><counter type="INSTRUCTION" missed="0" covered="7"/><counter type="LINE" missed="0" covered="2"/><counter type="COMPLEXITY" missed="0" covered="2"/><counter type="METHOD" missed="0" covered="2"/><counter type="CLASS" missed="0" covered="1"/></class><class name="org/ow2/authzforce/core/pdp/impl/func/XPathNodeCountFunction$CallFactory" sourcefilename="XPathNodeCountFunction.java"><method name="&lt;init&gt;" desc="(Lorg/ow2/authzforce/core/pdp/api/func/SingleParameterTypedFirstOrderFunctionSignature;)V" line="116"><counter type="INSTRUCTION" missed="0" covered="6"/><counter type="LINE" missed="0" covered="3"/><counter type="COMPLEXITY" missed="0" covered="1"/><counter type="METHOD" missed="0" covered="1"/></method><method name="getInstance" desc="(Ljava/util/List;[Lorg/ow2/authzforce/core/pdp/api/value/Datatype;)Lorg/ow2/authzforce/core/pdp/api/func/FirstOrderFunctionCall;" line="122"><counter type="INSTRUCTION" missed="9" covered="0"/><counter type="LINE" missed="1" covered="0"/><counter type="COMPLEXITY" missed="1" covered="0"/><counter type="METHOD" missed="1" covered="0"/></metho
[...]
vered="0"/><counter type="METHOD" missed="1" covered="0"/></method><method name="getInstance" desc="(Lorg/ow2/authzforce/core/pdp/api/value/AttributeValueFactoryRegistry;ZZLnet/sf/saxon/s9api/Processor;Ljava/util/Set;)Lorg/ow2/authzforce/core/pdp/api/DecisionRequestPreprocessor;" line="193"><counter type="INSTRUCTION" missed="11" covered="0"/><counter type="LINE" missed="1" covered="0"/><counter type="COMPLEXITY" missed="1" covered="0"/><counter type="METHOD" missed="1" covered="0"/></method><counter type="INSTRUCTION" missed="15" covered="0"/><counter type="LINE" missed="3" covered="0"/><counter type="COMPLEXITY" missed="2" covered="0"/><counter type="METHOD" missed="2" covered="0"/><counter type="CLASS" missed="1" covered="0"/></class><class name="org/ow2/authzforce/core/pdp/impl/io/MultiDecisionXacmlJaxbRequestPreprocessor$IndividualXacmlJaxbRequestBuilder" sourcefilename="MultiDecisionXacmlJaxbRequestPreprocessor.java"><method name="&lt;init&gt;" desc="(Z)V" line="82"><counter type="INSTRUCTION" missed="17" covered="0"/><counter type="LINE" missed="6" covered="0"/><counter type="COMPLEXITY" missed="1" covered="0"/><counter type="METHOD" missed="1" covered="0"/></method><method name="&lt;init&gt;" desc="(Lorg/ow2/authzforce/core/pdp/impl/io/MultiDecisionXacmlJaxbRequestPreprocessor$IndividualXacmlJaxbRequestBuilder;)V" line="97"><counter type="INSTRUCTION" missed="32" covered="0"/><counter type="BRANCH" missed="4" covered="0"/><counter type="LINE" missed="7" covered="0"/><counter type="COMPLEXITY" missed="3" covered="0"/><counter type="METHOD" missed="1" covered="0"/></method><method name="put" desc="(Ljava/lang/String;Lorg/ow2/authzforce/core/pdp/api/io/SingleCategoryAttributes;)V" line="119"><counter type="INSTRUCTION" missed="74" covered="0"/><counter type="BRANCH" missed="16" covered="0"/><counter type="LINE" missed="17" covered="0"/><counter type="COMPLEXITY" missed="9" covered="0"/><counter type="METHOD" missed="1" covered="0"/></method><method name="build" desc="()Lorg/ow2/authzforce/core/pdp/api/io/IndividualXacmlJaxbRequest;" line="162"><counter type="INSTRUCTION" missed="14" covered="0"/><counter type="LINE" missed="2" covered="0"/><counter type="COMPLEXITY" missed="1" covered="0"/><counter type="METHOD" missed="1" covered="0"/></method><method name="&lt;clinit&gt;" desc="()V" line="64"><counter type="INSTRUCTION" missed="18" covered="0"/><counter type="BRANCH" missed="2" covered="0"/><counter type="LINE" missed="3" covered="0"/><counter type="COMPLEXITY" missed="2" covered="0"/><counter type="METHOD" missed="1" covered="0"/></method><counter type="INSTRUCTION" missed="155" covered="0"/><counter type="BRANCH" missed="22" covered="0"/><counter type="LINE" missed="35" covered="0"/><counter type="COMPLEXITY" missed="16" covered="0"/><counter type="METHOD" missed="5" covered="0"/><counter type="CLASS" missed="1" covered="0"/></class><class name="org/ow2/authzforce/core/pdp/impl/io/DefaultXacmlJaxbResultPostprocessorFactory" sourcefilename="DefaultXacmlJaxbResultPostprocessorFactory.java"><method name="&lt;init&gt;" desc="()V" line="44"><counter type="INSTRUCTION" missed="4" covered="0"/><counter type="LINE" missed="2" covered="0"/><counter type="COMPLEXITY" missed="1" covered="0"/><counter type="METHOD" missed="1" covered="0"/></method><method name="getInstance" desc="(I)Lorg/ow2/authzforce/core/pdp/api/DecisionResultPostprocessor;" line="50"><counter type="INSTRUCTION" missed="5" covered="0"/><counter type="LINE" missed="1" covered="0"/><counter type="COMPLEXITY" missed="1" covered="0"/><counter type="METHOD" missed="1" covered="0"/></method><counter type="INSTRUCTION" missed="9" covered="0"/><counter type="LINE" missed="3" covered="0"/><counter type="COMPLEXITY" missed="2" covered="0"/><counter type="METHOD" missed="2" covered="0"/><counter type="CLASS" missed="1" covered="0"/></class><class name="org/ow2/authzforce/core/pdp/impl/io/SingleDecisionXacmlJaxbRequestPreprocessor$1" sourcefilename="SingleDecisionXacmlJaxbRequestPreprocessor.java"><method name="&lt;init&gt;" desc="()V" line="57"><counter type="INSTRUCTION" missed="3" covered="0"/><counter type="LINE" missed="1" covered="0"/><counter type="COMPLEXITY" missed="1" covered="0"/><counter type="METHOD" missed="1" covered="0"/></method><method name="getInstance" desc="(Ljava/util/Map;Ljava/util/Map;Z)Lorg/ow2/authzforce/core/pdp/api/ImmutableDecisionRequest;" line="62"><counter type="INSTRUCTION" missed="5" covered="0"/><counter type="LINE" missed="1" covered="0"/><counter type="COMPLEXITY" missed="1" covered="0"/><counter type="METHOD" missed="1" covered="0"/></method><counter type="INSTRUCTION" missed="8" covered="0"/><counter type="LINE" missed="2" covered="0"/><counter type="COMPLEXITY" missed="2" covered="0"/><counter type="METHOD" missed="2" covered="0"/><counter type="CLASS" missed="1" covered="0"/></class><class name="org/ow2/authzforce/core/pdp/impl/io/SingleDecisionXacmlJaxbRequestPreprocessor$LaxVariantFactory" sourcefilename="SingleDecisionXacmlJaxbRequestPreprocessor.java"><method name="&lt;init&gt;" desc="()V" line="84"><counter type="INSTRUCTION" missed="4" covered="0"/><counter type="LINE" missed="2" covered="0"/><counter type="COMPLEXITY" missed="1" covered="0"/><counter type="METHOD" missed="1" covered="0"/></method><method name="getInstance" desc="(Lorg/ow2/authzforce/core/pdp/api/value/AttributeValueFactoryRegistry;ZZLnet/sf/saxon/s9api/Processor;Ljava/util/Set;)Lorg/ow2/authzforce/core/pdp/api/DecisionRequestPreprocessor;" line="91"><counter type="INSTRUCTION" missed="11" covered="0"/><counter type="LINE" missed="1" covered="0"/><counter type="COMPLEXITY" missed="1" covered="0"/><counter type="METHOD" missed="1" covered="0"/></method><method name="&lt;clinit&gt;" desc="()V" line="99"><counter type="INSTRUCTION" missed="5" covered="0"/><counter type="LINE" missed="1" covered="0"/><counter type="COMPLEXITY" missed="1" covered="0"/><counter type="METHOD" missed="1" covered="0"/></method><counter type="INSTRUCTION" missed="20" covered="0"/><counter type="LINE" missed="4" covered="0"/><counter type="COMPLEXITY" missed="3" covered="0"/><counter type="METHOD" missed="3" covered="0"/><counter type="CLASS" missed="1" covered="0"/></class><class name="org/ow2/authzforce/core/pdp/impl/io/PdpEngineAdapters" sourcefilename="PdpEngineAdapters.java"><method name="newInoutAdapter" desc="(Lorg/ow2/authzforce/core/pdp/api/CloseablePdpEngine;Lorg/ow2/authzforce/core/pdp/api/DecisionRequestPreprocessor;Lorg/ow2/authzforce/core/pdp/api/DecisionResultPostprocessor;)Lorg/ow2/authzforce/core/pdp/api/io/PdpEngineInoutAdapter;" line="60"><counter type="INSTRUCTION" missed="19" covered="0"/><counter type="BRANCH" missed="8" covered="0"/><counter type="LINE" missed="2" covered="0"/><counter type="COMPLEXITY" missed="5" covered="0"/><counter type="METHOD" missed="1" covered="0"/></method><method name="newInoutAdapter" desc="(Ljava/lang/Class;Ljava/lang/Class;Lorg/ow2/authzforce/core/pdp/api/CloseablePdpEngine;Lorg/ow2/authzforce/core/pdp/api/DecisionRequestPreprocessor;Lorg/ow2/authzforce/core/pdp/api/DecisionResultPostprocessor;)Lorg/ow2/authzforce/core/pdp/api/io/PdpEngineInoutAdapter;" line="96"><counter type="INSTRUCTION" missed="90" covered="0"/><counter type="BRANCH" missed="10" covered="0"/><counter type="LINE" missed="12" covered="0"/><counter type="COMPLEXITY" missed="6" covered="0"/><counter type="METHOD" missed="1" covered="0"/></method><method name="newInoutAdapter" desc="(Ljava/lang/Class;Ljava/lang/Class;Lorg/ow2/authzforce/core/pdp/api/CloseablePdpEngine;Ljava/util/Map;Lorg/ow2/authzforce/core/pdp/impl/io/DecisionRequestPreprocessorSupplier;Lcom/google/common/base/Supplier;)Lorg/ow2/authzforce/core/pdp/api/io/PdpEngineInoutAdapter;" line="161"><counter type="INSTRUCTION" missed="44" covered="0"/><counter type="BRANCH" missed="6" covered="0"/><counter type="LINE" missed="9" covered="0"/><counter type="COMPLEXITY" missed="4" covered="0"/><counter type="METHOD" missed="1" covered="0"/></method><method name="newInoutAdapter" desc="(Ljava/lang/Class;Ljava/lang/Class;Lorg/ow2/authzforce/core/pdp/impl/PdpEngineConfiguration;Lorg/ow2/authzforce/core/pdp/api/DecisionRequestPreprocessor;Lorg/ow2/authzforce/core/pdp/api/DecisionResultPostprocessor;)Lorg/ow2/authzforce/core/pdp/api/io/PdpEngineInoutAdapter;" line="213"><counter type="INSTRUCTION" missed="45" covered="0"/><counter type="BRANCH" missed="6" covered="0"/><counter type="LINE" missed="8" covered="0"/><counter type="COMPLEXITY" missed="4" covered="0"/><counter type="METHOD" missed="1" covered="0"/></method><method name="newXacmlJaxbInoutAdapter" desc="(Lorg/ow2/authzforce/core/pdp/impl/PdpEngineConfiguration;)Lorg/ow2/authzforce/core/pdp/api/io/PdpEngineInoutAdapter;" line="250"><counter type="INSTRUCTION" missed="25" covered="0"/><counter type="LINE" missed="5" covered="0"/><counter type="COMPLEXITY" missed="1" covered="0"/><counter type="METHOD" missed="1" covered="0"/></method><method name="&lt;clinit&gt;" desc="()V" line="45"><counter type="INSTRUCTION" missed="18" covered="0"/><counter type="BRANCH" missed="2" covered="0"/><counter type="LINE" missed="3" covered="0"/><counter type="COMPLEXITY" missed="2" covered="0"/><counter type="METHOD" missed="1" covered="0"/></method><counter type="INSTRUCTION" missed="241" covered="0"/><counter type="BRANCH" missed="32" covered="0"/><counter type="LINE" missed="39" covered="0"/><counter type="COMPLEXITY" missed="22" covered="0"/><counter type="METHOD" missed="6" covered="0"/><counter type="CLASS" missed="1" covered="0"/></class><class name="org/ow2/authzforce/core/pdp/impl/io/MultiDecisionXacmlJaxbRequestPreprocessor$StrictVariantFactory" sourcefilename="MultiDecisionXacmlJaxbRequestPreprocessor.java"><method name="&lt;init&gt;" desc="()V" line="215"><counter type="INSTRUCTION" missed="4" covered="0"/><counter type="LINE" missed="2" covered="0"/><counter type="COMPLEXITY" missed="1" covered="0"/><counter type="METHOD" missed="1" covered="0"/></method><method name="getInstance" desc="(Lorg/ow2/authzforce/core/pdp/api/value/AttributeValueFactoryRegistry;ZZLnet/sf/saxon/s9api/Processor;Ljava/util/Set;)Lorg/ow2/authzforce/core/pdp/api/DecisionRequestPreprocessor;" line="222"><counter type="INSTRUCTION" missed="11" covered="0"/><counter type="LINE" missed="1" covered="0"/><counter type="COMPLEXITY" missed="1" covered="0"/><counter type="METHOD" missed="1" covered="0"/></method><counter type="INSTRUCTION" missed="15" covered="0"/><counter type="LINE" missed="3" covered="0"/><counter type="COMPLEXITY" missed="2" covered="0"/><counter type="METHOD" missed="2" covered="0"/><counter type="CLASS" missed="1" covered="0"/></class><sourcefile name="DecisionRequestPreprocessorSupplier.java"/><sourcefile name="PdpEngineAdapters.java"><line nr="45" mi="7" ci="0" mb="2" cb="0"/><line nr="48" mi="5" ci="0" mb="0" cb="0"/><line nr="49" mi="6" ci="0" mb="0" cb="0"/><line nr="60" mi="12" ci="0" mb="8" cb="0"/><line nr="61" mi="7" ci="0" mb="0" cb="0"/><line nr="96" mi="2" ci="0" mb="2" cb="0"/><line nr="98" mi="2" ci="0" mb="0" cb="0"/><line nr="101" mi="4" ci="0" mb="2" cb="0"/><line nr="103" mi="22" ci="0" mb="0" cb="0"/><line nr="110" mi="2" ci="0" mb="2" cb="0"/><line nr="112" mi="2" ci="0" mb="0" cb="0"/><line nr="115" mi="4" ci="0" mb="2" cb="0"/><line nr="117" mi="22" ci="0" mb="0" cb="0"/><line nr="121" mi="5" ci="0" mb="2" cb="0"/><line nr="123" mi="8" ci="0" mb="0" cb="0"/><line nr="124" mi="12" ci="0" mb="0" cb="0"/><line nr="127" mi="5" ci="0" mb="0" cb="0"/><line nr="161" mi="5" ci="0" mb="0" cb="0"/><line nr="164" mi="2" ci="0" mb="2" cb="0"/><line nr="166" mi="2" ci="0" mb="0" cb="0"/><line nr="167" mi="3" ci="0" mb="0" cb="0"/><line nr="171" mi="4" ci="0" mb="0" cb="0"/><line nr="172" mi="4" ci="0" mb="0" cb="0"/><line nr="175" mi="8" ci="0" mb="2" cb="0"/><line nr="176" mi="9" ci="0" mb="2" cb="0"/><line nr="177" mi="7" ci="0" mb="0" cb="0"/><line nr="213" mi="7" ci="0" mb="0" cb="0"/><line nr="216" mi="6" ci="0" mb="0" cb="0"/><line nr="219" mi="2" ci="0" mb="2" cb="0"/><line nr="221" mi="2" ci="0" mb="0" cb="0"/><line nr="222" mi="3" ci="0" mb="0" cb="0"/><line nr="226" mi="4" ci="0" mb="0" cb="0"/><line nr="227" mi="4" ci="0" mb="0" cb="0"/><line nr="230" mi="17" ci="0" mb="4" cb="0"/><line nr="250" mi="6" ci="0" mb="0" cb="0"/><line nr="251" mi="4" ci="0" mb="0" cb="0"/><line nr="252" mi="7" ci="0" mb="0" cb="0"/><line nr="253" mi="1" ci="0" mb="0" cb="0"/><line nr="255" mi="7" ci="0" mb="0" cb="0"/><counter type="INSTRUCTION" missed="241" covered="0"/><counter type="BRANCH" missed="32" covered="0"/><counter type="LINE" missed="39" covered="0"/><counter type="COMPLEXITY" missed="22" covered="0"/><counter type="METHOD" missed="6" covered="0"/><counter type="CLASS" missed="1" covered="0"/></sourcefile><sourcefile name="MultiDecisionXacmlJaxbRequestPreprocessor.java"><line nr="64" mi="7" ci="0" mb="2" cb="0"/><line nr="66" mi="5" ci="0" mb="0" cb="0"/><line nr="67" mi="6" ci="0" mb="0" cb="0"/><line nr="82" mi="2" ci="0" mb="0" cb="0"/><line nr="84" mi="3" ci="0" mb="0" cb="0"/><line nr="85" mi="3" ci="0" mb="0" cb="0"/><line nr="86" mi="5" ci="0" mb="0" cb="0"/><line nr="87" mi="3" ci="0" mb="0" cb="0"/><line nr="88" mi="1" ci="0" mb="0" cb="0"/><line nr="97" mi="2" ci="0" mb="0" cb="0"/><line nr="98" mi="8" ci="0" mb="4" cb="0"/><line nr="101" mi="5" ci="0" mb="0" cb="0"/><line nr="102" mi="5" ci="0" mb="0" cb="0"/><line nr="103" mi="4" ci="0" mb="0" cb="0"/><line nr="104" mi="7" ci="0" mb="0" cb="0"/><line nr="105" mi="1" ci="0" mb="0" cb="0"/><line nr="119" mi="2" ci="0" mb="2" cb="0"/><line nr="121" mi="2" ci="0" mb="0" cb="0"/><line nr="124" mi="2" ci="0" mb="2" cb="0"/><line nr="126" mi="2" ci="0" mb="0" cb="0"/><line nr="130" mi="9" ci="0" mb="4" cb="0"/><line nr="131" mi="3" ci="0" mb="0" cb="0"/><line nr="132" mi="2" ci="0" mb="2" cb="0"/><line nr="134" mi="7" ci="0" mb="0" cb="0"/><line nr="135" mi="2" ci="0" mb="2" cb="0"/><line nr="137" mi="12" ci="0" mb="0" cb="0"/><line nr="147" mi="10" ci="0" mb="2" cb="0"/><line nr="149" mi="8" ci="0" mb="0" cb="0"/><line nr="150" mi="1" ci="0" mb="0" cb="0"/><line nr="152" mi="4" ci="0" mb="0" cb="0"/><line nr="153" mi="2" ci="0" mb="2" cb="0"/><line nr="155" mi="5" ci="0" mb="0" cb="0"/><line nr="158" mi="1" ci="0" mb="0" cb="0"/><line nr="162" mi="12" ci="0" mb="0" cb="0"/><line nr="163" mi="2" ci="0" mb="0" cb="0"/><line nr="186" mi="3" ci="0" mb="0" cb="0"/><line nr="187" mi="1" ci="0" mb="0" cb="0"/><line nr="193" mi="11" ci="0" mb="0" cb="0"/><line nr="215" mi="3" ci="0" mb="0" cb="0"/><line nr="216" mi="1" ci="0" mb="0" cb="0"/><line nr="222" mi="11" ci="0" mb="0" cb="0"/><line nr="229" mi="8" ci="0" mb="0" cb="0"/><line nr="230" mi="1" ci="0" mb="0" cb="0"/><line nr="248" mi="4" ci="0" mb="0" cb="0"/><line nr="249" mi="10" ci="0" mb="2" cb="0"/><line nr="251" mi="5" ci="0" mb="0" cb="0"/><line nr="252" mi="2" ci="0" mb="2" cb="0"/><line nr="255" mi="1" ci="0" mb="0" cb="0"/><line nr="258" mi="3" ci="0" mb="0" cb="0"/><line nr="259" mi="5" ci="0" mb="0" cb="0"/><line nr="261" mi="2" ci="0" mb="2" cb="0"/><line nr="263" mi="4" ci="0" mb="0" cb="0"/><line nr="264" mi="6" ci="0" mb="0" cb="0"/><line nr="268" mi="2" ci="0" mb="0" cb="0"/><line nr="271" mi="4" ci="0" mb="0" cb="0"/><line nr="272" mi="1" ci="0" mb="0" cb="0"/><line nr="281" mi="6" ci="0" mb="0" cb="0"/><line nr="283" mi="1" ci="0" mb="0" cb="0"/><line nr="285" mi="8" ci="0" mb="0" cb="0"/><line nr="286" mi="1" ci="0" mb="0" cb="0"/><line nr="295" mi="4" ci="0" mb="0" cb="0"/><line nr="296" mi="4" ci="0" mb="0" cb="0"/><line nr="300" mi="4" ci="0" mb="0" cb="0"/><line nr="306" mi="4" ci="0" mb="0" cb="0"/><line nr="307" mi="7" ci="0" mb="2" cb="0"/><line nr="308" mi="2" ci="0" mb="2" cb="0"/><line nr="310" mi="4" ci="0" mb="0" cb="0"/><line nr="311" mi="4" ci="0" mb="0" cb="0"/><line nr="312" mi="4" ci="0" mb="0" cb="0"/><line nr="313" mi="7" ci="0" mb="2" cb="0"/><line nr="314" mi="3" ci="0" mb="0" cb="0"/><line nr="315" mi="3" ci="0" mb="2" cb="0"/><line nr="317" mi="4" ci="0" mb="0" cb="0"/><line nr="322" mi="2" ci="0" mb="0" cb="0"/><line nr="329" mi="10" ci="0" mb="2" cb="0"/><line nr="332" mi="6" ci="0" mb="0" cb="0"/><line nr="333" mi="4" ci="0" mb="0" cb="0"/><line nr="334" mi="2" ci="0" mb="2" cb="0"/><line nr="337" mi="6" ci="0" mb="0" cb="0"/><line nr="344" mi="3" ci="0" mb="0" cb="0"/><line nr="346" mi="1" ci="0" mb="0" cb="0"/><line nr="347" mi="1" ci="0" mb="0" cb="0"/><line nr="349" mi="1" ci="0" mb="0" cb="0"/><line nr="351" mi="2" ci="0" mb="0" cb="0"/><counter type="INSTRUCTION" missed="351" covered="0"/><counter type="BRANCH" missed="40" covered="0"/><counter type="LINE" missed="84" covered="0"/><counter type="COMPLEXITY" missed="31" covered="0"/><counter type="METHOD" missed="11" covered="0"/><counter type="CLASS" missed="4" covered="0"/></sourcefile><sourcefile name="SingleDecisionXacmlJaxbRequestPreprocessor.java"><line nr="54" mi="7" ci="0" mb="2" cb="0"/><line nr="56" mi="5" ci="0" mb="0" cb="0"/><line nr="57" mi="3" ci="0" mb="0" cb="0"/><line nr="62" mi="5" ci="0" mb="0" cb="0"/><line nr="84" mi="3" ci="0" mb="0" cb="0"/><line nr="85" mi="1" ci="0" mb="0" cb="0"/><line nr="91" mi="11" ci="0" mb="0" cb="0"/><line nr="99" mi="5" ci="0" mb="0" cb="0"/><line nr="117" mi="3" ci="0" mb="0" cb="0"/><line nr="118" mi="1" ci="0" mb="0" cb="0"/><line nr="124" mi="11" ci="0" mb="0" cb="0"/><line nr="153" mi="8" ci="0" mb="0" cb="0"/><line nr="154" mi="8" ci="0" mb="4" cb="0"/><line nr="155" mi="3" ci="0" mb="0" cb="0"/><line nr="156" mi="1" ci="0" mb="0" cb="0"/><line nr="163" mi="4" ci="0" mb="0" cb="0"/><line nr="164" mi="4" ci="0" mb="0" cb="0"/><line nr="168" mi="6" ci="0" mb="0" cb="0"/><line nr="170" mi="10" ci="0" mb="2" cb="0"/><line nr="172" mi="5" ci="0" mb="0" cb="0"/><line nr="173" mi="2" ci="0" mb="2" cb="0"/><line nr="176" mi="1" ci="0" mb="0" cb="0"/><line nr="179" mi="3" ci="0" mb="0" cb="0"/><line nr="180" mi="3" ci="0" mb="0" cb="0"/><line nr="181" mi="2" ci="0" mb="2" cb="0"/><line nr="183" mi="6" ci="0" mb="0" cb="0"/><line nr="187" mi="2" ci="0" mb="2" cb="0"/><line nr="189" mi="13" ci="0" mb="0" cb="0"/><line nr="190" mi="3" ci="0" mb="0" cb="0"/><line nr="200" mi="10" ci="0" mb="2" cb="0"/><line nr="202" mi="7" ci="0" mb="0" cb="0"/><line nr="203" mi="1" ci="0" mb="0" cb="0"/><line nr="205" mi="4" ci="0" mb="0" cb="0"/><line nr="206" mi="2" ci="0" mb="2" cb="0"/><line nr="208" mi="4" ci="0" mb="0" cb="0"/><line nr="210" mi="1" ci="0" mb="0" cb="0"/><line nr="212" mi="12" ci="0" mb="0" cb="0"/><line nr="213" mi="2" ci="0" mb="0" cb="0"/><counter type="INSTRUCTION" missed="182" covered="0"/><counter type="BRANCH" missed="18" covered="0"/><counter type="LINE" missed="38" covered="0"/><counter type="COMPLEXITY" missed="19" covered="0"/><counter type="METHOD" missed="10" covered="0"/><counter type="CLASS" missed="4" covered="0"/></sourcefile><sourcefile name="DefaultXacmlJaxbResultPostprocessorFactory.java"><line nr="44" mi="3" ci="0" mb="0" cb="0"/><line nr="45" mi="1" ci="0" mb="0" cb="0"/><line nr="50" mi="5" ci="0" mb="0" cb="0"/><counter type="INSTRUCTION" missed="9" covered="0"/><counter type="LINE" missed="3" covered="0"/><counter type="COMPLEXITY" missed="2" covered="0"/><counter type="METHOD" missed="2" covered="0"/><counter type="CLASS" missed="1" covered="0"/></sourcefile><counter type="INSTRUCTION" missed="783" covered="0"/><counter type="BRANCH" missed="90" covered="0"/><counter type="LINE" missed="164" covered="0"/><counter type="COMPLEXITY" missed="74" covered="0"/><counter type="METHOD" missed="29" covered="0"/><counter type="CLASS" missed="10" covered="0"/></package><counter type="INSTRUCTION" missed="18346" covered="5536"/><counter type="BRANCH" missed="1950" covered="197"/><counter type="LINE" missed="3772" covered="897"/><counter type="COMPLEXITY" missed="1724" covered="256"/><counter type="METHOD" missed="711" covered="191"/><counter type="CLASS" missed="137" covered="84"/></report>